This file contains any messages produced by compilers while
running configure, to aid debugging if configure makes a mistake.

It was created by sphinxbase configure 0.6.1, which was
generated by GNU Autoconf 2.64.  Invocation command line was

  $ ./configure --prefix=/usr/local

## --------- ##
## Platform. ##
## --------- ##

hostname = ubuntu
uname -m = i686
uname -r = 2.6.31-21-generic
uname -s = Linux
uname -v = #59-Ubuntu SMP Wed Mar 24 07:28:56 UTC 2010

/usr/bin/uname -p = unknown
/bin/uname -X     = unknown

/bin/arch              = unknown
/usr/bin/arch -k       = unknown
/usr/convex/getsysinfo = unknown
/usr/bin/hostinfo      = unknown
/bin/machine           = unknown
/usr/bin/oslevel       = unknown
/bin/universe          = unknown

PATH: /usr/local/sbin
PATH: /usr/local/bin
PATH: /usr/sbin
PATH: /usr/bin
PATH: /sbin
PATH: /bin
PATH: /usr/games
PATH: /home/sh1n0b1/.xbmc/plugins/video/Django3/modules/jython2.5.1
PATH: /home/sh1n0b1/.xbmc/plugins/video/Django3/modules/jython2.5.1


## ----------- ##
## Core tests. ##
## ----------- ##

configure:2615: checking for a BSD-compatible install
configure:2683: result: /usr/bin/install -c
configure:2694: checking whether build environment is sane
configure:2744: result: yes
configure:2885: checking for a thread-safe mkdir -p
configure:2924: result: /bin/mkdir -p
configure:2937: checking for gawk
configure:2967: result: no
configure:2937: checking for mawk
configure:2953: found /usr/bin/mawk
configure:2964: result: mawk
configure:2975: checking whether make sets $(MAKE)
configure:2997: result: yes
configure:3075: checking build system type
configure:3089: result: i686-pc-linux-gnu
configure:3109: checking host system type
configure:3122: result: i686-pc-linux-gnu
configure:3169: checking for style of include used by make
configure:3197: result: GNU
configure:3267: checking for gcc
configure:3283: found /usr/bin/gcc
configure:3294: result: gcc
configure:3523: checking for C compiler version
configure:3532: gcc --version >&5
gcc (Ubuntu 4.4.1-4ubuntu9) 4.4.1
Copyright (C) 2009 Free Software Foundation, Inc.
This is free software; see the source for copying conditions.  There is NO
warranty; not even for MERCHANTABILITY or FITNESS FOR A PARTICULAR PURPOSE.

configure:3543: $? = 0
configure:3532: gcc -v >&5
Using built-in specs.
Target: i486-linux-gnu
Configured with: ../src/configure -v --with-pkgversion='Ubuntu 4.4.1-4ubuntu9' --with-bugurl=file:///usr/share/doc/gcc-4.4/README.Bugs --enable-languages=c,c++,fortran,objc,obj-c++ --prefix=/usr --enable-shared --enable-multiarch --enable-linker-build-id --with-system-zlib --libexecdir=/usr/lib --without-included-gettext --enable-threads=posix --with-gxx-include-dir=/usr/include/c++/4.4 --program-suffix=-4.4 --enable-nls --enable-clocale=gnu --enable-libstdcxx-debug --enable-objc-gc --enable-targets=all --disable-werror --with-arch-32=i486 --with-tune=generic --enable-checking=release --build=i486-linux-gnu --host=i486-linux-gnu --target=i486-linux-gnu
Thread model: posix
gcc version 4.4.1 (Ubuntu 4.4.1-4ubuntu9) 
configure:3543: $? = 0
configure:3532: gcc -V >&5
gcc: '-V' option must have argument
configure:3543: $? = 1
configure:3532: gcc -qversion >&5
gcc: unrecognized option '-qversion'
gcc: no input files
configure:3543: $? = 1
configure:3565: checking for C compiler default output file name
configure:3587: gcc -g -O2 -Wall   conftest.c  >&5
configure:3591: $? = 0
configure:3628: result: a.out
configure:3644: checking whether the C compiler works
configure:3653: ./a.out
configure:3657: $? = 0
configure:3672: result: yes
configure:3679: checking whether we are cross compiling
configure:3681: result: no
configure:3684: checking for suffix of executables
configure:3691: gcc -o conftest -g -O2 -Wall   conftest.c  >&5
configure:3695: $? = 0
configure:3717: result: 
configure:3723: checking for suffix of object files
configure:3745: gcc -c -g -O2 -Wall  conftest.c >&5
configure:3749: $? = 0
configure:3770: result: o
configure:3774: checking whether we are using the GNU C compiler
configure:3793: gcc -c -g -O2 -Wall  conftest.c >&5
configure:3793: $? = 0
configure:3802: result: yes
configure:3811: checking whether gcc accepts -g
configure:3831: gcc -c -g  conftest.c >&5
configure:3831: $? = 0
configure:3872: result: yes
configure:3889: checking for gcc option to accept ISO C89
configure:3953: gcc  -c -g -O2 -Wall  conftest.c >&5
configure:3953: $? = 0
configure:3966: result: none needed
configure:3988: checking dependency style of gcc
configure:4098: result: gcc3
configure:4114: checking for library containing strerror
configure:4145: gcc -o conftest -g -O2 -Wall   conftest.c  >&5
configure:4145: $? = 0
configure:4162: result: none required
configure:4218: checking for gcc
configure:4245: result: gcc
configure:4474: checking for C compiler version
configure:4483: gcc --version >&5
gcc (Ubuntu 4.4.1-4ubuntu9) 4.4.1
Copyright (C) 2009 Free Software Foundation, Inc.
This is free software; see the source for copying conditions.  There is NO
warranty; not even for MERCHANTABILITY or FITNESS FOR A PARTICULAR PURPOSE.

configure:4494: $? = 0
configure:4483: gcc -v >&5
Using built-in specs.
Target: i486-linux-gnu
Configured with: ../src/configure -v --with-pkgversion='Ubuntu 4.4.1-4ubuntu9' --with-bugurl=file:///usr/share/doc/gcc-4.4/README.Bugs --enable-languages=c,c++,fortran,objc,obj-c++ --prefix=/usr --enable-shared --enable-multiarch --enable-linker-build-id --with-system-zlib --libexecdir=/usr/lib --without-included-gettext --enable-threads=posix --with-gxx-include-dir=/usr/include/c++/4.4 --program-suffix=-4.4 --enable-nls --enable-clocale=gnu --enable-libstdcxx-debug --enable-objc-gc --enable-targets=all --disable-werror --with-arch-32=i486 --with-tune=generic --enable-checking=release --build=i486-linux-gnu --host=i486-linux-gnu --target=i486-linux-gnu
Thread model: posix
gcc version 4.4.1 (Ubuntu 4.4.1-4ubuntu9) 
configure:4494: $? = 0
configure:4483: gcc -V >&5
gcc: '-V' option must have argument
configure:4494: $? = 1
configure:4483: gcc -qversion >&5
gcc: unrecognized option '-qversion'
gcc: no input files
configure:4494: $? = 1
configure:4498: checking whether we are using the GNU C compiler
configure:4526: result: yes
configure:4535: checking whether gcc accepts -g
configure:4596: result: yes
configure:4613: checking for gcc option to accept ISO C89
configure:4690: result: none needed
configure:4712: checking dependency style of gcc
configure:4822: result: gcc3
configure:4885: checking for gcc
configure:4912: result: gcc
configure:5141: checking for C compiler version
configure:5150: gcc --version >&5
gcc (Ubuntu 4.4.1-4ubuntu9) 4.4.1
Copyright (C) 2009 Free Software Foundation, Inc.
This is free software; see the source for copying conditions.  There is NO
warranty; not even for MERCHANTABILITY or FITNESS FOR A PARTICULAR PURPOSE.

configure:5161: $? = 0
configure:5150: gcc -v >&5
Using built-in specs.
Target: i486-linux-gnu
Configured with: ../src/configure -v --with-pkgversion='Ubuntu 4.4.1-4ubuntu9' --with-bugurl=file:///usr/share/doc/gcc-4.4/README.Bugs --enable-languages=c,c++,fortran,objc,obj-c++ --prefix=/usr --enable-shared --enable-multiarch --enable-linker-build-id --with-system-zlib --libexecdir=/usr/lib --without-included-gettext --enable-threads=posix --with-gxx-include-dir=/usr/include/c++/4.4 --program-suffix=-4.4 --enable-nls --enable-clocale=gnu --enable-libstdcxx-debug --enable-objc-gc --enable-targets=all --disable-werror --with-arch-32=i486 --with-tune=generic --enable-checking=release --build=i486-linux-gnu --host=i486-linux-gnu --target=i486-linux-gnu
Thread model: posix
gcc version 4.4.1 (Ubuntu 4.4.1-4ubuntu9) 
configure:5161: $? = 0
configure:5150: gcc -V >&5
gcc: '-V' option must have argument
configure:5161: $? = 1
configure:5150: gcc -qversion >&5
gcc: unrecognized option '-qversion'
gcc: no input files
configure:5161: $? = 1
configure:5165: checking whether we are using the GNU C compiler
configure:5193: result: yes
configure:5202: checking whether gcc accepts -g
configure:5263: result: yes
configure:5280: checking for gcc option to accept ISO C89
configure:5357: result: none needed
configure:5379: checking dependency style of gcc
configure:5489: result: gcc3
configure:5513: checking for bison
configure:5543: result: no
configure:5513: checking for byacc
configure:5543: result: no
configure:5557: checking how to run the C preprocessor
configure:5588: gcc -E  conftest.c
configure:5588: $? = 0
configure:5602: gcc -E  conftest.c
conftest.c:9:28: error: ac_nonexistent.h: No such file or directory
configure:5602: $? = 1
configure: failed program was:
| /* confdefs.h */
| #define PACKAGE_NAME "sphinxbase"
| #define PACKAGE_TARNAME "sphinxbase"
| #define PACKAGE_VERSION "0.6.1"
| #define PACKAGE_STRING "sphinxbase 0.6.1"
| #define PACKAGE_BUGREPORT ""
| #define PACKAGE_URL ""
| /* end confdefs.h.  */
| #include <ac_nonexistent.h>
configure:5627: result: gcc -E
configure:5647: gcc -E  conftest.c
configure:5647: $? = 0
configure:5661: gcc -E  conftest.c
conftest.c:9:28: error: ac_nonexistent.h: No such file or directory
configure:5661: $? = 1
configure: failed program was:
| /* confdefs.h */
| #define PACKAGE_NAME "sphinxbase"
| #define PACKAGE_TARNAME "sphinxbase"
| #define PACKAGE_VERSION "0.6.1"
| #define PACKAGE_STRING "sphinxbase 0.6.1"
| #define PACKAGE_BUGREPORT ""
| #define PACKAGE_URL ""
| /* end confdefs.h.  */
| #include <ac_nonexistent.h>
configure:5690: checking for grep that handles long lines and -e
configure:5748: result: /bin/grep
configure:5753: checking for egrep
configure:5815: result: /bin/grep -E
configure:5820: checking for ANSI C header files
configure:5840: gcc -c -g -O2 -Wall  conftest.c >&5
configure:5840: $? = 0
configure:5913: gcc -o conftest -g -O2 -Wall   conftest.c  >&5
configure:5913: $? = 0
configure:5913: ./conftest
configure:5913: $? = 0
configure:5924: result: yes
configure:5937: checking for sys/types.h
configure:5937: gcc -c -g -O2 -Wall  conftest.c >&5
configure:5937: $? = 0
configure:5937: result: yes
configure:5937: checking for sys/stat.h
configure:5937: gcc -c -g -O2 -Wall  conftest.c >&5
configure:5937: $? = 0
configure:5937: result: yes
configure:5937: checking for stdlib.h
configure:5937: gcc -c -g -O2 -Wall  conftest.c >&5
configure:5937: $? = 0
configure:5937: result: yes
configure:5937: checking for string.h
configure:5937: gcc -c -g -O2 -Wall  conftest.c >&5
configure:5937: $? = 0
configure:5937: result: yes
configure:5937: checking for memory.h
configure:5937: gcc -c -g -O2 -Wall  conftest.c >&5
configure:5937: $? = 0
configure:5937: result: yes
configure:5937: checking for strings.h
configure:5937: gcc -c -g -O2 -Wall  conftest.c >&5
configure:5937: $? = 0
configure:5937: result: yes
configure:5937: checking for inttypes.h
configure:5937: gcc -c -g -O2 -Wall  conftest.c >&5
configure:5937: $? = 0
configure:5937: result: yes
configure:5937: checking for stdint.h
configure:5937: gcc -c -g -O2 -Wall  conftest.c >&5
configure:5937: $? = 0
configure:5937: result: yes
configure:5937: checking for unistd.h
configure:5937: gcc -c -g -O2 -Wall  conftest.c >&5
configure:5937: $? = 0
configure:5937: result: yes
configure:5950: checking whether byte ordering is bigendian
configure:5965: gcc -c -g -O2 -Wall  conftest.c >&5
conftest.c:20: error: expected '=', ',', ';', 'asm' or '__attribute__' before 'a'
configure:5965: $? = 1
configure: failed program was:
| /* confdefs.h */
| #define PACKAGE_NAME "sphinxbase"
| #define PACKAGE_TARNAME "sphinxbase"
| #define PACKAGE_VERSION "0.6.1"
| #define PACKAGE_STRING "sphinxbase 0.6.1"
| #define PACKAGE_BUGREPORT ""
| #define PACKAGE_URL ""
| #define STDC_HEADERS 1
| #define HAVE_SYS_TYPES_H 1
| #define HAVE_SYS_STAT_H 1
| #define HAVE_STDLIB_H 1
| #define HAVE_STRING_H 1
| #define HAVE_MEMORY_H 1
| #define HAVE_STRINGS_H 1
| #define HAVE_INTTYPES_H 1
| #define HAVE_STDINT_H 1
| #define HAVE_UNISTD_H 1
| /* end confdefs.h.  */
| #ifndef __APPLE_CC__
| 	       not a universal capable compiler
| 	     #endif
| 	     typedef int dummy;
| 
configure:6010: gcc -c -g -O2 -Wall  conftest.c >&5
configure:6010: $? = 0
configure:6028: gcc -c -g -O2 -Wall  conftest.c >&5
conftest.c: In function 'main':
conftest.c:26: error: 'not' undeclared (first use in this function)
conftest.c:26: error: (Each undeclared identifier is reported only once
conftest.c:26: error: for each function it appears in.)
conftest.c:26: error: expected ';' before 'big'
configure:6028: $? = 1
configure: failed program was:
| /* confdefs.h */
| #define PACKAGE_NAME "sphinxbase"
| #define PACKAGE_TARNAME "sphinxbase"
| #define PACKAGE_VERSION "0.6.1"
| #define PACKAGE_STRING "sphinxbase 0.6.1"
| #define PACKAGE_BUGREPORT ""
| #define PACKAGE_URL ""
| #define STDC_HEADERS 1
| #define HAVE_SYS_TYPES_H 1
| #define HAVE_SYS_STAT_H 1
| #define HAVE_STDLIB_H 1
| #define HAVE_STRING_H 1
| #define HAVE_MEMORY_H 1
| #define HAVE_STRINGS_H 1
| #define HAVE_INTTYPES_H 1
| #define HAVE_STDINT_H 1
| #define HAVE_UNISTD_H 1
| /* end confdefs.h.  */
| #include <sys/types.h>
| 		#include <sys/param.h>
| 
| int
| main ()
| {
| #if BYTE_ORDER != BIG_ENDIAN
| 		 not big endian
| 		#endif
| 
|   ;
|   return 0;
| }
configure:6156: result: no
configure:6174: checking return type of signal handlers
configure:6192: gcc -c -g -O2 -Wall  conftest.c >&5
conftest.c: In function 'main':
conftest.c:25: error: void value not ignored as it ought to be
configure:6192: $? = 1
configure: failed program was:
| /* confdefs.h */
| #define PACKAGE_NAME "sphinxbase"
| #define PACKAGE_TARNAME "sphinxbase"
| #define PACKAGE_VERSION "0.6.1"
| #define PACKAGE_STRING "sphinxbase 0.6.1"
| #define PACKAGE_BUGREPORT ""
| #define PACKAGE_URL ""
| #define STDC_HEADERS 1
| #define HAVE_SYS_TYPES_H 1
| #define HAVE_SYS_STAT_H 1
| #define HAVE_STDLIB_H 1
| #define HAVE_STRING_H 1
| #define HAVE_MEMORY_H 1
| #define HAVE_STRINGS_H 1
| #define HAVE_INTTYPES_H 1
| #define HAVE_STDINT_H 1
| #define HAVE_UNISTD_H 1
| /* end confdefs.h.  */
| #include <sys/types.h>
| #include <signal.h>
| 
| int
| main ()
| {
| return *(signal (0, 0)) (0) == 1;
|   ;
|   return 0;
| }
configure:6199: result: void
configure:6207: checking for long long
configure:6207: gcc -c -g -O2 -Wall  conftest.c >&5
configure:6207: $? = 0
configure:6207: gcc -c -g -O2 -Wall  conftest.c >&5
conftest.c: In function 'main':
conftest.c:56: error: expected expression before ')' token
configure:6207: $? = 1
configure: failed program was:
| /* confdefs.h */
| #define PACKAGE_NAME "sphinxbase"
| #define PACKAGE_TARNAME "sphinxbase"
| #define PACKAGE_VERSION "0.6.1"
| #define PACKAGE_STRING "sphinxbase 0.6.1"
| #define PACKAGE_BUGREPORT ""
| #define PACKAGE_URL ""
| #define STDC_HEADERS 1
| #define HAVE_SYS_TYPES_H 1
| #define HAVE_SYS_STAT_H 1
| #define HAVE_STDLIB_H 1
| #define HAVE_STRING_H 1
| #define HAVE_MEMORY_H 1
| #define HAVE_STRINGS_H 1
| #define HAVE_INTTYPES_H 1
| #define HAVE_STDINT_H 1
| #define HAVE_UNISTD_H 1
| #define RETSIGTYPE void
| /* end confdefs.h.  */
| #include <stdio.h>
| #ifdef HAVE_SYS_TYPES_H
| # include <sys/types.h>
| #endif
| #ifdef HAVE_SYS_STAT_H
| # include <sys/stat.h>
| #endif
| #ifdef STDC_HEADERS
| # include <stdlib.h>
| # include <stddef.h>
| #else
| # ifdef HAVE_STDLIB_H
| #  include <stdlib.h>
| # endif
| #endif
| #ifdef HAVE_STRING_H
| # if !defined STDC_HEADERS && defined HAVE_MEMORY_H
| #  include <memory.h>
| # endif
| # include <string.h>
| #endif
| #ifdef HAVE_STRINGS_H
| # include <strings.h>
| #endif
| #ifdef HAVE_INTTYPES_H
| # include <inttypes.h>
| #endif
| #ifdef HAVE_STDINT_H
| # include <stdint.h>
| #endif
| #ifdef HAVE_UNISTD_H
| # include <unistd.h>
| #endif
| int
| main ()
| {
| if (sizeof ((long long)))
| 	    return 0;
|   ;
|   return 0;
| }
configure:6207: result: yes
configure:6221: checking size of long long
configure:6226: gcc -o conftest -g -O2 -Wall   conftest.c  >&5
configure:6226: $? = 0
configure:6226: ./conftest
configure:6226: $? = 0
configure:6241: result: 8
configure:6255: checking size of long
configure:6260: gcc -o conftest -g -O2 -Wall   conftest.c  >&5
configure:6260: $? = 0
configure:6260: ./conftest
configure:6260: $? = 0
configure:6275: result: 4
configure:6288: checking for popen
configure:6288: gcc -o conftest -g -O2 -Wall   conftest.c  >&5
configure:6288: $? = 0
configure:6288: result: yes
configure:6288: checking for perror
configure:6288: gcc -o conftest -g -O2 -Wall   conftest.c  >&5
configure:6288: $? = 0
configure:6288: result: yes
configure:6288: checking for snprintf
configure:6288: gcc -o conftest -g -O2 -Wall   conftest.c  >&5
conftest.c:48: warning: conflicting types for built-in function 'snprintf'
configure:6288: $? = 0
configure:6288: result: yes
configure:6298: checking errno.h usability
configure:6298: gcc -c -g -O2 -Wall  conftest.c >&5
configure:6298: $? = 0
configure:6298: result: yes
configure:6298: checking errno.h presence
configure:6298: gcc -E  conftest.c
configure:6298: $? = 0
configure:6298: result: yes
configure:6298: checking for errno.h
configure:6298: result: yes
configure:6344: checking for ld used by GCC
configure:6408: result: /usr/bin/ld
configure:6415: checking if the linker (/usr/bin/ld) is GNU ld
configure:6428: result: yes
configure:6435: checking for shared library run path origin
configure:6448: result: done
configure:6912: checking for iconv
configure:6934: gcc -o conftest -g -O2 -Wall   conftest.c  >&5
configure:6934: $? = 0
configure:6966: result: yes
configure:6987: checking for iconv declaration
configure:7016: gcc -c -g -O2 -Wall  conftest.c >&5
configure:7016: $? = 0
configure:7027: result: install-shextern size_t iconv (iconv_t cd, char * *inbuf, size_t *inbytesleft, char * *outbuf, size_t *outbytesleft);
configure:7051: checking for sgesv_ in -llapack
configure:7076: gcc -o conftest -g -O2 -Wall   conftest.c -llapack   >&5
/usr/bin/ld: cannot find -llapack
collect2: ld returned 1 exit status
configure:7076: $? = 1
configure: failed program was:
| /* confdefs.h */
| #define PACKAGE_NAME "sphinxbase"
| #define PACKAGE_TARNAME "sphinxbase"
| #define PACKAGE_VERSION "0.6.1"
| #define PACKAGE_STRING "sphinxbase 0.6.1"
| #define PACKAGE_BUGREPORT ""
| #define PACKAGE_URL ""
| #define STDC_HEADERS 1
| #define HAVE_SYS_TYPES_H 1
| #define HAVE_SYS_STAT_H 1
| #define HAVE_STDLIB_H 1
| #define HAVE_STRING_H 1
| #define HAVE_MEMORY_H 1
| #define HAVE_STRINGS_H 1
| #define HAVE_INTTYPES_H 1
| #define HAVE_STDINT_H 1
| #define HAVE_UNISTD_H 1
| #define RETSIGTYPE void
| #define HAVE_LONG_LONG 1
| #define SIZEOF_LONG_LONG 8
| #define SIZEOF_LONG 4
| #define HAVE_POPEN 1
| #define HAVE_PERROR 1
| #define HAVE_SNPRINTF 1
| #define HAVE_ICONV 1
| #define ICONV_CONST 
| /* end confdefs.h.  */
| 
| /* Override any GCC internal prototype to avoid an error.
|    Use char because int might match the return type of a GCC
|    builtin and then its argument prototype would still apply.  */
| #ifdef __cplusplus
| extern "C"
| #endif
| char sgesv_ ();
| int
| main ()
| {
| return sgesv_ ();
|   ;
|   return 0;
| }
configure:7085: result: no
configure:7168: checking for log in -lm
configure:7193: gcc -o conftest -g -O2 -Wall   conftest.c -lm   >&5
conftest.c:36: warning: conflicting types for built-in function 'log'
configure:7193: $? = 0
configure:7202: result: yes
configure:7233: checking pthread.h usability
configure:7233: gcc -c -g -O2 -Wall  conftest.c >&5
configure:7233: $? = 0
configure:7233: result: yes
configure:7233: checking pthread.h presence
configure:7233: gcc -E  conftest.c
configure:7233: $? = 0
configure:7233: result: yes
configure:7233: checking for pthread.h
configure:7233: result: yes
configure:7243: checking for pthread_create in -lpthread
configure:7268: gcc -o conftest -g -O2 -Wall   conftest.c -lpthread  -lm  >&5
configure:7268: $? = 0
configure:7277: result: yes
configure:7369: checking alsa/asoundlib.h usability
configure:7369: gcc -c -g -O2 -Wall  conftest.c >&5
configure:7369: $? = 0
configure:7369: result: yes
configure:7369: checking alsa/asoundlib.h presence
configure:7369: gcc -E  conftest.c
configure:7369: $? = 0
configure:7369: result: yes
configure:7369: checking for alsa/asoundlib.h
configure:7369: result: yes
configure:7377: checking for snd_pcm_open in -lasound
configure:7402: gcc -o conftest -g -O2 -Wall   conftest.c -lasound  -lpthread -lm  >&5
configure:7402: $? = 0
configure:7411: result: yes
configure:7507: checking for a sed that does not truncate output
configure:7571: result: /bin/sed
configure:7589: checking for fgrep
configure:7651: result: /bin/grep -F
configure:7686: checking for ld used by gcc
configure:7753: result: /usr/bin/ld
configure:7760: checking if the linker (/usr/bin/ld) is GNU ld
configure:7775: result: yes
configure:7787: checking for BSD- or MS-compatible name lister (nm)
configure:7836: result: /usr/bin/nm -B
configure:7954: checking the name lister (/usr/bin/nm -B) interface
configure:7961: gcc -c -g -O2 -Wall  conftest.c >&5
configure:7964: /usr/bin/nm -B "conftest.o"
configure:7967: output
00000000 B some_variable
configure:7974: result: BSD nm
configure:7977: checking whether ln -s works
configure:7981: result: yes
configure:7989: checking the maximum length of command line arguments
configure:8109: result: 1572864
configure:8126: checking whether the shell understands some XSI constructs
configure:8136: result: yes
configure:8140: checking whether the shell understands "+="
configure:8146: result: yes
configure:8181: checking for /usr/bin/ld option to reload object files
configure:8188: result: -r
configure:8257: checking for objdump
configure:8273: found /usr/bin/objdump
configure:8284: result: objdump
configure:8316: checking how to recognize dependent libraries
configure:8512: result: pass_all
configure:8572: checking for ar
configure:8588: found /usr/bin/ar
configure:8599: result: ar
configure:8677: checking for strip
configure:8693: found /usr/bin/strip
configure:8704: result: strip
configure:8776: checking for ranlib
configure:8792: found /usr/bin/ranlib
configure:8803: result: ranlib
configure:8893: checking command to parse /usr/bin/nm -B output from gcc object
configure:9011: gcc -c -g -O2 -Wall  conftest.c >&5
configure:9014: $? = 0
configure:9018: /usr/bin/nm -B conftest.o \| sed -n -e 's/^.*[	 ]\([ABCDGIRSTW][ABCDGIRSTW]*\)[	 ][	 ]*\([_A-Za-z][_A-Za-z0-9]*\)$/\1 \2 \2/p' \> conftest.nm
configure:9021: $? = 0
configure:9075: gcc -o conftest -g -O2 -Wall   conftest.c conftstm.o >&5
configure:9078: $? = 0
configure:9116: result: ok
configure:9921: checking for dlfcn.h
configure:9921: gcc -c -g -O2 -Wall  conftest.c >&5
configure:9921: $? = 0
configure:9921: result: yes
configure:10105: checking for objdir
configure:10120: result: .libs
configure:10416: checking if gcc supports -fno-rtti -fno-exceptions
configure:10434: gcc -c -g -O2 -Wall  -fno-rtti -fno-exceptions conftest.c >&5
cc1: warning: command line option "-fno-rtti" is valid for C++/ObjC++ but not for C
configure:10438: $? = 0
configure:10451: result: no
configure:10471: checking for gcc option to produce PIC
configure:10743: result: -fPIC -DPIC
configure:10755: checking if gcc PIC flag -fPIC -DPIC works
configure:10773: gcc -c -g -O2 -Wall  -fPIC -DPIC -DPIC conftest.c >&5
configure:10777: $? = 0
configure:10790: result: yes
configure:10814: checking if gcc static flag -static works
configure:10842: result: yes
configure:10857: checking if gcc supports -c -o file.o
configure:10878: gcc -c -g -O2 -Wall  -o out/conftest2.o conftest.c >&5
configure:10882: $? = 0
configure:10904: result: yes
configure:10912: checking if gcc supports -c -o file.o
configure:10959: result: yes
configure:10992: checking whether the gcc linker (/usr/bin/ld) supports shared libraries
configure:11982: result: yes
configure:12019: checking whether -lc should be explicitly linked in
configure:12024: gcc -c -g -O2 -Wall  conftest.c >&5
configure:12027: $? = 0
configure:12042: gcc -shared conftest.o  -v -Wl,-soname -Wl,conftest -o conftest 2\>\&1 \| /bin/grep  -lc  \>/dev/null 2\>\&1
configure:12045: $? = 0
configure:12057: result: no
configure:12221: checking dynamic linker characteristics
configure:12654: gcc -o conftest -g -O2 -Wall   -Wl,-rpath -Wl,/foo conftest.c -lasound -lpthread -lm  >&5
configure:12654: $? = 0
configure:12884: result: GNU/Linux ld.so
configure:12986: checking how to hardcode library paths into programs
configure:13011: result: immediate
configure:13531: checking whether stripping libraries is possible
configure:13536: result: yes
configure:13571: checking if libtool supports shared libraries
configure:13573: result: yes
configure:13576: checking whether to build shared libraries
configure:13597: result: yes
configure:13600: checking whether to build static libraries
configure:13604: result: yes
configure:13642: checking for doxygen
configure:13670: result: no
configure:13712: checking for python
configure:13730: found /usr/bin/python
configure:13743: result: /usr/bin/python
configure:13753: checking for python-config
configure:13771: found /usr/bin/python-config
configure:13784: result: /usr/bin/python-config
configure:13796: checking Python.h usability
configure:13796: gcc -c -g -O2 -Wall  -I/usr/include/python2.6 -I/usr/include/python2.6 conftest.c >&5
In file included from /usr/include/python2.6/Python.h:8,
                 from conftest.c:70:
/usr/include/python2.6/pyconfig.h:1028:1: warning: "_POSIX_C_SOURCE" redefined
In file included from /usr/include/stdio.h:28,
                 from conftest.c:37:
/usr/include/features.h:210:1: warning: this is the location of the previous definition
configure:13796: $? = 0
configure:13796: result: yes
configure:13796: checking Python.h presence
configure:13796: gcc -E  -I/usr/include/python2.6 -I/usr/include/python2.6 conftest.c
configure:13796: $? = 0
configure:13796: result: yes
configure:13796: checking for Python.h
configure:13796: result: yes
configure:13825: checking for cython
configure:13853: result: no
configure:14029: creating ./config.status

## ---------------------- ##
## Running config.status. ##
## ---------------------- ##

This file was extended by sphinxbase config.status 0.6.1, which was
generated by GNU Autoconf 2.64.  Invocation command line was

  CONFIG_FILES    = 
  CONFIG_HEADERS  = 
  CONFIG_LINKS    = 
  CONFIG_COMMANDS = 
  $ ./config.status 

on ubuntu

config.status:1136: creating sphinxbase.pc
config.status:1136: creating Makefile
config.status:1136: creating include/Makefile
config.status:1136: creating python/Makefile
config.status:1136: creating python/setup.py
config.status:1136: creating src/Makefile
config.status:1136: creating src/libsphinxad/Makefile
config.status:1136: creating src/libsphinxbase/Makefile
config.status:1136: creating src/libsphinxbase/util/Makefile
config.status:1136: creating src/libsphinxbase/feat/Makefile
config.status:1136: creating src/libsphinxbase/fe/Makefile
config.status:1136: creating src/libsphinxbase/lm/Makefile
config.status:1136: creating src/sphinx_fe/Makefile
config.status:1136: creating src/sphinx_cepview/Makefile
config.status:1136: creating src/sphinx_jsgf2fsg/Makefile
config.status:1136: creating src/sphinx_adtools/Makefile
config.status:1136: creating src/sphinx_lmtools/Makefile
config.status:1136: creating doc/Makefile
config.status:1136: creating doc/doxyfile
config.status:1136: creating test/Makefile
config.status:1136: creating test/unit/testfuncs.sh
config.status:1136: creating test/unit/Makefile
config.status:1136: creating test/unit/test_ad/Makefile
config.status:1136: creating test/unit/test_alloc/Makefile
config.status:1136: creating test/unit/test_bitvec/Makefile
config.status:1136: creating test/unit/test_case/Makefile
config.status:1136: creating test/unit/test_string/Makefile
config.status:1136: creating test/unit/test_cmdln/Makefile
config.status:1136: creating test/unit/test_hash/Makefile
config.status:1136: creating test/unit/test_matrix/Makefile
config.status:1136: creating test/unit/test_feat/Makefile
config.status:1136: creating test/unit/test_fe/Makefile
config.status:1136: creating test/unit/test_logmath/Makefile
config.status:1136: creating test/unit/test_ngram/Makefile
config.status:1136: creating test/unit/test_fsg/Makefile
config.status:1136: creating test/unit/test_thread/Makefile
config.status:1136: creating test/unit/test_util/Makefile
config.status:1136: creating test/regression/testfuncs.sh
config.status:1136: creating test/regression/Makefile
config.status:1136: creating include/config.h
config.status:1136: creating include/sphinx_config.h
config.status:1356: executing depfiles commands
config.status:1356: executing libtool commands

## ---------------- ##
## Cache variables. ##
## ---------------- ##

ac_cv_build=i686-pc-linux-gnu
ac_cv_c_bigendian=no
ac_cv_c_compiler_gnu=yes
ac_cv_env_CC_set=
ac_cv_env_CC_value=
ac_cv_env_CFLAGS_set=
ac_cv_env_CFLAGS_value=
ac_cv_env_CPPFLAGS_set=
ac_cv_env_CPPFLAGS_value=
ac_cv_env_CPP_set=
ac_cv_env_CPP_value=
ac_cv_env_LDFLAGS_set=
ac_cv_env_LDFLAGS_value=
ac_cv_env_LIBS_set=
ac_cv_env_LIBS_value=
ac_cv_env_YACC_set=
ac_cv_env_YACC_value=
ac_cv_env_YFLAGS_set=
ac_cv_env_YFLAGS_value=
ac_cv_env_build_alias_set=
ac_cv_env_build_alias_value=
ac_cv_env_host_alias_set=
ac_cv_env_host_alias_value=
ac_cv_env_target_alias_set=
ac_cv_env_target_alias_value=
ac_cv_func_perror=yes
ac_cv_func_popen=yes
ac_cv_func_snprintf=yes
ac_cv_header_Python_h=yes
ac_cv_header_alsa_asoundlib_h=yes
ac_cv_header_dlfcn_h=yes
ac_cv_header_errno_h=yes
ac_cv_header_inttypes_h=yes
ac_cv_header_memory_h=yes
ac_cv_header_pthread_h=yes
ac_cv_header_stdc=yes
ac_cv_header_stdint_h=yes
ac_cv_header_stdlib_h=yes
ac_cv_header_string_h=yes
ac_cv_header_strings_h=yes
ac_cv_header_sys_stat_h=yes
ac_cv_header_sys_types_h=yes
ac_cv_header_unistd_h=yes
ac_cv_host=i686-pc-linux-gnu
ac_cv_lib_asound_snd_pcm_open=yes
ac_cv_lib_lapack_sgesv_=no
ac_cv_lib_m_log=yes
ac_cv_lib_pthread_pthread_create=yes
ac_cv_objext=o
ac_cv_path_EGREP='/bin/grep -E'
ac_cv_path_FGREP='/bin/grep -F'
ac_cv_path_GREP=/bin/grep
ac_cv_path_PYTHON=/usr/bin/python
ac_cv_path_PYTHON_CONFIG=/usr/bin/python-config
ac_cv_path_SED=/bin/sed
ac_cv_path_install='/usr/bin/install -c'
ac_cv_path_mkdir=/bin/mkdir
ac_cv_prog_AWK=mawk
ac_cv_prog_CPP='gcc -E'
ac_cv_prog_HAVE_CYTHON=no
ac_cv_prog_HAVE_DOXYGEN=no
ac_cv_prog_ac_ct_AR=ar
ac_cv_prog_ac_ct_CC=gcc
ac_cv_prog_ac_ct_OBJDUMP=objdump
ac_cv_prog_ac_ct_RANLIB=ranlib
ac_cv_prog_ac_ct_STRIP=strip
ac_cv_prog_cc_c89=
ac_cv_prog_cc_g=yes
ac_cv_prog_make_make_set=yes
ac_cv_search_strerror='none required'
ac_cv_sizeof_long=4
ac_cv_sizeof_long_long=8
ac_cv_type_long_long=yes
ac_cv_type_signal=void
acl_cv_hardcode_direct=no
acl_cv_hardcode_libdir_flag_spec='${wl}-rpath ${wl}$libdir'
acl_cv_hardcode_libdir_separator=
acl_cv_hardcode_minus_L=no
acl_cv_libext=a
acl_cv_path_LD=/usr/bin/ld
acl_cv_prog_gnu_ld=yes
acl_cv_rpath=done
acl_cv_shlibext=so
acl_cv_wl=-Wl,
am_cv_CC_dependencies_compiler_type=gcc3
am_cv_func_iconv=yes
am_cv_lib_iconv=no
am_cv_prog_cc_stdc=
am_cv_proto_iconv='extern size_t iconv (iconv_t cd, char * *inbuf, size_t *inbytesleft, char * *outbuf, size_t *outbytesleft);'
am_cv_proto_iconv_arg1=
lt_cv_deplibs_check_method=pass_all
lt_cv_file_magic_cmd='$MAGIC_CMD'
lt_cv_file_magic_test_file=
lt_cv_ld_reload_flag=-r
lt_cv_nm_interface='BSD nm'
lt_cv_objdir=.libs
lt_cv_path_LD=/usr/bin/ld
lt_cv_path_NM='/usr/bin/nm -B'
lt_cv_prog_compiler_c_o=yes
lt_cv_prog_compiler_pic_works=yes
lt_cv_prog_compiler_rtti_exceptions=no
lt_cv_prog_compiler_static_works=yes
lt_cv_prog_gnu_ld=yes
lt_cv_sys_global_symbol_pipe='sed -n -e '\''s/^.*[	 ]\([ABCDGIRSTW][ABCDGIRSTW]*\)[	 ][	 ]*\([_A-Za-z][_A-Za-z0-9]*\)$/\1 \2 \2/p'\'''
lt_cv_sys_global_symbol_to_c_name_address='sed -n -e '\''s/^: \([^ ]*\) $/  {\"\1\", (void *) 0},/p'\'' -e '\''s/^[ABCDGIRSTW]* \([^ ]*\) \([^ ]*\)$/  {"\2", (void *) \&\2},/p'\'''
lt_cv_sys_global_symbol_to_c_name_address_lib_prefix='sed -n -e '\''s/^: \([^ ]*\) $/  {\"\1\", (void *) 0},/p'\'' -e '\''s/^[ABCDGIRSTW]* \([^ ]*\) \(lib[^ ]*\)$/  {"\2", (void *) \&\2},/p'\'' -e '\''s/^[ABCDGIRSTW]* \([^ ]*\) \([^ ]*\)$/  {"lib\2", (void *) \&\2},/p'\'''
lt_cv_sys_global_symbol_to_cdecl='sed -n -e '\''s/^T .* \(.*\)$/extern int \1();/p'\'' -e '\''s/^[ABCDGIRSTW]* .* \(.*\)$/extern char \1;/p'\'''
lt_cv_sys_max_cmd_len=1572864

## ----------------- ##
## Output variables. ##
## ----------------- ##

ACLOCAL='${SHELL} /home/sh1n0b1/.xbmc/plugins/video/Django3/modules/sphinx/sphinxbase-0.6.1/missing --run aclocal-1.11'
AMDEPBACKSLASH='\'
AMDEP_FALSE='#'
AMDEP_TRUE=''
AMTAR='${SHELL} /home/sh1n0b1/.xbmc/plugins/video/Django3/modules/sphinx/sphinxbase-0.6.1/missing --run tar'
AR='ar'
AUTOCONF='${SHELL} /home/sh1n0b1/.xbmc/plugins/video/Django3/modules/sphinx/sphinxbase-0.6.1/missing --run autoconf'
AUTOHEADER='${SHELL} /home/sh1n0b1/.xbmc/plugins/video/Django3/modules/sphinx/sphinxbase-0.6.1/missing --run autoheader'
AUTOMAKE='${SHELL} /home/sh1n0b1/.xbmc/plugins/video/Django3/modules/sphinx/sphinxbase-0.6.1/missing --run automake-1.11'
AWK='mawk'
BUILD_CYTHON_FALSE=''
BUILD_CYTHON_TRUE='#'
BUILD_DOXYGEN_FALSE=''
BUILD_DOXYGEN_TRUE='#'
BUILD_PYTHON_FALSE='#'
BUILD_PYTHON_TRUE=''
CC='gcc'
CCDEPMODE='depmode=gcc3'
CFLAGS='-g -O2 -Wall'
CPP='gcc -E'
CPPFLAGS=' -I/usr/include/python2.6 -I/usr/include/python2.6'
CYGPATH_W='echo'
DEFS='-DHAVE_CONFIG_H'
DEPDIR='.deps'
DSYMUTIL=''
DUMPBIN=''
ECHO_C=''
ECHO_N='-n'
ECHO_T=''
EGREP='/bin/grep -E'
EXEEXT=''
FGREP='/bin/grep -F'
FIXED_POINT_FALSE=''
FIXED_POINT_TRUE='#'
GREP='/bin/grep'
HAVE_CYTHON='no'
HAVE_DOXYGEN='no'
INSTALL_DATA='${INSTALL} -m 644'
INSTALL_PROGRAM='${INSTALL}'
INSTALL_SCRIPT='${INSTALL}'
INSTALL_STRIP_PROGRAM='$(install_sh) -c -s'
LAPACK_LITE_FALSE='#'
LAPACK_LITE_TRUE=''
LD='/usr/bin/ld'
LDFLAGS=''
LIBICONV=''
LIBOBJS=''
LIBS='-lasound -lpthread -lm '
LIBTOOL='$(SHELL) $(top_builddir)/libtool'
LIPO=''
LN_S='ln -s'
LTLIBICONV=''
LTLIBOBJS=''
MAKEINFO='${SHELL} /home/sh1n0b1/.xbmc/plugins/video/Django3/modules/sphinx/sphinxbase-0.6.1/missing --run makeinfo'
MKDIR_P='/bin/mkdir -p'
NM='/usr/bin/nm -B'
NMEDIT=''
OBJDUMP='objdump'
OBJEXT='o'
OTOOL64=''
OTOOL=''
PACKAGE='sphinxbase'
PACKAGE_BUGREPORT=''
PACKAGE_NAME='sphinxbase'
PACKAGE_STRING='sphinxbase 0.6.1'
PACKAGE_TARNAME='sphinxbase'
PACKAGE_URL=''
PACKAGE_VERSION='0.6.1'
PATH_SEPARATOR=':'
PYTHON='/usr/bin/python'
PYTHON_CONFIG='/usr/bin/python-config'
RANLIB='ranlib'
SED='/bin/sed'
SET_MAKE=''
SHELL='/bin/bash'
STRIP='strip'
USE_LAPACK_FALSE='#'
USE_LAPACK_TRUE=''
USE_THREADS_FALSE='#'
USE_THREADS_TRUE=''
VERSION='0.6.1'
YACC='yacc'
YFLAGS=''
ac_ct_CC='gcc'
ac_ct_DUMPBIN=''
ad_backend='AD_BACKEND_ALSA'
ad_files='ad_alsa.lo'
ad_libs=''
am__EXEEXT_FALSE=''
am__EXEEXT_TRUE='#'
am__fastdepCC_FALSE='#'
am__fastdepCC_TRUE=''
am__include='include'
am__isrc=''
am__leading_dot='.'
am__quote=''
am__tar='${AMTAR} chof - "$$tardir"'
am__untar='${AMTAR} xf -'
bindir='${exec_prefix}/bin'
build='i686-pc-linux-gnu'
build_alias=''
build_cpu='i686'
build_os='linux-gnu'
build_vendor='pc'
datadir='${datarootdir}'
datarootdir='${prefix}/share'
docdir='${datarootdir}/doc/${PACKAGE_TARNAME}'
dvidir='${docdir}'
exec_prefix='${prefix}'
host='i686-pc-linux-gnu'
host_alias=''
host_cpu='i686'
host_os='linux-gnu'
host_vendor='pc'
htmldir='${docdir}'
includedir='${prefix}/include'
infodir='${datarootdir}/info'
install_sh='${SHELL} /home/sh1n0b1/.xbmc/plugins/video/Django3/modules/sphinx/sphinxbase-0.6.1/install-sh'
libdir='${exec_prefix}/lib'
libexecdir='${exec_prefix}/libexec'
localedir='${datarootdir}/locale'
localstatedir='${prefix}/var'
lt_ECHO='echo'
mandir='${datarootdir}/man'
mkdir_p='/bin/mkdir -p'
oldincludedir='/usr/include'
pdfdir='${docdir}'
prefix='/usr/local'
program_transform_name='s,x,x,'
psdir='${docdir}'
sbindir='${exec_prefix}/sbin'
sharedstatedir='${prefix}/com'
sysconfdir='${prefix}/etc'
target_alias=''

## ----------- ##
## confdefs.h. ##
## ----------- ##

/* confdefs.h */
#define PACKAGE_NAME "sphinxbase"
#define PACKAGE_TARNAME "sphinxbase"
#define PACKAGE_VERSION "0.6.1"
#define PACKAGE_STRING "sphinxbase 0.6.1"
#define PACKAGE_BUGREPORT ""
#define PACKAGE_URL ""
#define STDC_HEADERS 1
#define HAVE_SYS_TYPES_H 1
#define HAVE_SYS_STAT_H 1
#define HAVE_STDLIB_H 1
#define HAVE_STRING_H 1
#define HAVE_MEMORY_H 1
#define HAVE_STRINGS_H 1
#define HAVE_INTTYPES_H 1
#define HAVE_STDINT_H 1
#define HAVE_UNISTD_H 1
#define RETSIGTYPE void
#define HAVE_LONG_LONG 1
#define SIZEOF_LONG_LONG 8
#define SIZEOF_LONG 4
#define HAVE_POPEN 1
#define HAVE_PERROR 1
#define HAVE_SNPRINTF 1
#define HAVE_ICONV 1
#define ICONV_CONST 
#define WITH_LAPACK /**/
#define HAVE_LIBM 1
#define HAVE_PTHREAD_H 1
#define HAVE_LIBPTHREAD 1
#define ENABLE_THREADS /**/
#define AD_BACKEND_ALSA /**/
#define HAVE_LIBASOUND 1
#define HAVE_DLFCN_H 1
#define LT_OBJDIR ".libs/"

configure: exit 0

## ---------------------- ##
## Running config.status. ##
## ---------------------- ##

This file was extended by sphinxbase config.status 0.6.1, which was
generated by GNU Autoconf 2.64.  Invocation command line was

  CONFIG_FILES    = 
  CONFIG_HEADERS  = 
  CONFIG_LINKS    = 
  CONFIG_COMMANDS = 
  $ ./config.status include/config.h

on ubuntu

config.status:1136: creating include/config.h
config.status:1308: include/config.h is unchanged
