This file contains any messages produced by compilers while
running configure, to aid debugging if configure makes a mistake.

It was created by configure, which was
generated by GNU Autoconf 2.64.  Invocation command line was

  $ ./configure --prefix=/usr/local

## --------- ##
## Platform. ##
## --------- ##

hostname = ubuntu
uname -m = i686
uname -r = 2.6.31-21-generic
uname -s = Linux
uname -v = #59-Ubuntu SMP Wed Mar 24 07:28:56 UTC 2010

/usr/bin/uname -p = unknown
/bin/uname -X     = unknown

/bin/arch              = unknown
/usr/bin/arch -k       = unknown
/usr/convex/getsysinfo = unknown
/usr/bin/hostinfo      = unknown
/bin/machine           = unknown
/usr/bin/oslevel       = unknown
/bin/universe          = unknown

PATH: /usr/local/sbin
PATH: /usr/local/bin
PATH: /usr/sbin
PATH: /usr/bin
PATH: /sbin
PATH: /bin
PATH: /usr/games
PATH: /home/sh1n0b1/.xbmc/plugins/video/Django3/modules/jython2.5.1
PATH: /home/sh1n0b1/.xbmc/plugins/video/Django3/modules/jython2.5.1


## ----------- ##
## Core tests. ##
## ----------- ##

configure:2399: checking for a BSD-compatible install
configure:2467: result: /usr/bin/install -c
configure:2478: checking whether build environment is sane
configure:2528: result: yes
configure:2669: checking for a thread-safe mkdir -p
configure:2708: result: /bin/mkdir -p
configure:2721: checking for gawk
configure:2751: result: no
configure:2721: checking for mawk
configure:2737: found /usr/bin/mawk
configure:2748: result: mawk
configure:2759: checking whether make sets $(MAKE)
configure:2781: result: yes
configure:2868: checking build system type
configure:2882: result: i686-pc-linux-gnu
configure:2902: checking host system type
configure:2915: result: i686-pc-linux-gnu
configure:2956: checking for style of include used by make
configure:2984: result: GNU
configure:3054: checking for gcc
configure:3070: found /usr/bin/gcc
configure:3081: result: gcc
configure:3310: checking for C compiler version
configure:3319: gcc --version >&5
gcc (Ubuntu 4.4.1-4ubuntu9) 4.4.1
Copyright (C) 2009 Free Software Foundation, Inc.
This is free software; see the source for copying conditions.  There is NO
warranty; not even for MERCHANTABILITY or FITNESS FOR A PARTICULAR PURPOSE.

configure:3330: $? = 0
configure:3319: gcc -v >&5
Using built-in specs.
Target: i486-linux-gnu
Configured with: ../src/configure -v --with-pkgversion='Ubuntu 4.4.1-4ubuntu9' --with-bugurl=file:///usr/share/doc/gcc-4.4/README.Bugs --enable-languages=c,c++,fortran,objc,obj-c++ --prefix=/usr --enable-shared --enable-multiarch --enable-linker-build-id --with-system-zlib --libexecdir=/usr/lib --without-included-gettext --enable-threads=posix --with-gxx-include-dir=/usr/include/c++/4.4 --program-suffix=-4.4 --enable-nls --enable-clocale=gnu --enable-libstdcxx-debug --enable-objc-gc --enable-targets=all --disable-werror --with-arch-32=i486 --with-tune=generic --enable-checking=release --build=i486-linux-gnu --host=i486-linux-gnu --target=i486-linux-gnu
Thread model: posix
gcc version 4.4.1 (Ubuntu 4.4.1-4ubuntu9) 
configure:3330: $? = 0
configure:3319: gcc -V >&5
gcc: '-V' option must have argument
configure:3330: $? = 1
configure:3319: gcc -qversion >&5
gcc: unrecognized option '-qversion'
gcc: no input files
configure:3330: $? = 1
configure:3352: checking for C compiler default output file name
configure:3374: gcc -g -O2 -Wall   conftest.c  >&5
configure:3378: $? = 0
configure:3415: result: a.out
configure:3431: checking whether the C compiler works
configure:3440: ./a.out
configure:3444: $? = 0
configure:3459: result: yes
configure:3466: checking whether we are cross compiling
configure:3468: result: no
configure:3471: checking for suffix of executables
configure:3478: gcc -o conftest -g -O2 -Wall   conftest.c  >&5
configure:3482: $? = 0
configure:3504: result: 
configure:3510: checking for suffix of object files
configure:3532: gcc -c -g -O2 -Wall  conftest.c >&5
configure:3536: $? = 0
configure:3557: result: o
configure:3561: checking whether we are using the GNU C compiler
configure:3580: gcc -c -g -O2 -Wall  conftest.c >&5
configure:3580: $? = 0
configure:3589: result: yes
configure:3598: checking whether gcc accepts -g
configure:3618: gcc -c -g  conftest.c >&5
configure:3618: $? = 0
configure:3659: result: yes
configure:3676: checking for gcc option to accept ISO C89
configure:3740: gcc  -c -g -O2 -Wall  conftest.c >&5
configure:3740: $? = 0
configure:3753: result: none needed
configure:3775: checking dependency style of gcc
configure:3885: result: gcc3
configure:3901: checking for library containing strerror
configure:3932: gcc -o conftest -g -O2 -Wall   conftest.c  >&5
configure:3932: $? = 0
configure:3949: result: none required
configure:4005: checking for gcc
configure:4032: result: gcc
configure:4261: checking for C compiler version
configure:4270: gcc --version >&5
gcc (Ubuntu 4.4.1-4ubuntu9) 4.4.1
Copyright (C) 2009 Free Software Foundation, Inc.
This is free software; see the source for copying conditions.  There is NO
warranty; not even for MERCHANTABILITY or FITNESS FOR A PARTICULAR PURPOSE.

configure:4281: $? = 0
configure:4270: gcc -v >&5
Using built-in specs.
Target: i486-linux-gnu
Configured with: ../src/configure -v --with-pkgversion='Ubuntu 4.4.1-4ubuntu9' --with-bugurl=file:///usr/share/doc/gcc-4.4/README.Bugs --enable-languages=c,c++,fortran,objc,obj-c++ --prefix=/usr --enable-shared --enable-multiarch --enable-linker-build-id --with-system-zlib --libexecdir=/usr/lib --without-included-gettext --enable-threads=posix --with-gxx-include-dir=/usr/include/c++/4.4 --program-suffix=-4.4 --enable-nls --enable-clocale=gnu --enable-libstdcxx-debug --enable-objc-gc --enable-targets=all --disable-werror --with-arch-32=i486 --with-tune=generic --enable-checking=release --build=i486-linux-gnu --host=i486-linux-gnu --target=i486-linux-gnu
Thread model: posix
gcc version 4.4.1 (Ubuntu 4.4.1-4ubuntu9) 
configure:4281: $? = 0
configure:4270: gcc -V >&5
gcc: '-V' option must have argument
configure:4281: $? = 1
configure:4270: gcc -qversion >&5
gcc: unrecognized option '-qversion'
gcc: no input files
configure:4281: $? = 1
configure:4285: checking whether we are using the GNU C compiler
configure:4313: result: yes
configure:4322: checking whether gcc accepts -g
configure:4383: result: yes
configure:4400: checking for gcc option to accept ISO C89
configure:4477: result: none needed
configure:4499: checking dependency style of gcc
configure:4609: result: gcc3
configure:4672: checking for gcc
configure:4699: result: gcc
configure:4928: checking for C compiler version
configure:4937: gcc --version >&5
gcc (Ubuntu 4.4.1-4ubuntu9) 4.4.1
Copyright (C) 2009 Free Software Foundation, Inc.
This is free software; see the source for copying conditions.  There is NO
warranty; not even for MERCHANTABILITY or FITNESS FOR A PARTICULAR PURPOSE.

configure:4948: $? = 0
configure:4937: gcc -v >&5
Using built-in specs.
Target: i486-linux-gnu
Configured with: ../src/configure -v --with-pkgversion='Ubuntu 4.4.1-4ubuntu9' --with-bugurl=file:///usr/share/doc/gcc-4.4/README.Bugs --enable-languages=c,c++,fortran,objc,obj-c++ --prefix=/usr --enable-shared --enable-multiarch --enable-linker-build-id --with-system-zlib --libexecdir=/usr/lib --without-included-gettext --enable-threads=posix --with-gxx-include-dir=/usr/include/c++/4.4 --program-suffix=-4.4 --enable-nls --enable-clocale=gnu --enable-libstdcxx-debug --enable-objc-gc --enable-targets=all --disable-werror --with-arch-32=i486 --with-tune=generic --enable-checking=release --build=i486-linux-gnu --host=i486-linux-gnu --target=i486-linux-gnu
Thread model: posix
gcc version 4.4.1 (Ubuntu 4.4.1-4ubuntu9) 
configure:4948: $? = 0
configure:4937: gcc -V >&5
gcc: '-V' option must have argument
configure:4948: $? = 1
configure:4937: gcc -qversion >&5
gcc: unrecognized option '-qversion'
gcc: no input files
configure:4948: $? = 1
configure:4952: checking whether we are using the GNU C compiler
configure:4980: result: yes
configure:4989: checking whether gcc accepts -g
configure:5050: result: yes
configure:5067: checking for gcc option to accept ISO C89
configure:5144: result: none needed
configure:5166: checking dependency style of gcc
configure:5276: result: gcc3
configure:5299: checking how to run the C preprocessor
configure:5330: gcc -E  conftest.c
configure:5330: $? = 0
configure:5344: gcc -E  conftest.c
conftest.c:11:28: error: ac_nonexistent.h: No such file or directory
configure:5344: $? = 1
configure: failed program was:
| /* confdefs.h */
| #define PACKAGE_NAME ""
| #define PACKAGE_TARNAME ""
| #define PACKAGE_VERSION ""
| #define PACKAGE_STRING ""
| #define PACKAGE_BUGREPORT ""
| #define PACKAGE_URL ""
| #define PACKAGE "sphinx3"
| #define VERSION "0.8"
| /* end confdefs.h.  */
| #include <ac_nonexistent.h>
configure:5369: result: gcc -E
configure:5389: gcc -E  conftest.c
configure:5389: $? = 0
configure:5403: gcc -E  conftest.c
conftest.c:11:28: error: ac_nonexistent.h: No such file or directory
configure:5403: $? = 1
configure: failed program was:
| /* confdefs.h */
| #define PACKAGE_NAME ""
| #define PACKAGE_TARNAME ""
| #define PACKAGE_VERSION ""
| #define PACKAGE_STRING ""
| #define PACKAGE_BUGREPORT ""
| #define PACKAGE_URL ""
| #define PACKAGE "sphinx3"
| #define VERSION "0.8"
| /* end confdefs.h.  */
| #include <ac_nonexistent.h>
configure:5432: checking for grep that handles long lines and -e
configure:5490: result: /bin/grep
configure:5495: checking for egrep
configure:5557: result: /bin/grep -E
configure:5562: checking for ANSI C header files
configure:5582: gcc -c -g -O2 -Wall  conftest.c >&5
configure:5582: $? = 0
configure:5655: gcc -o conftest -g -O2 -Wall   conftest.c  >&5
configure:5655: $? = 0
configure:5655: ./conftest
configure:5655: $? = 0
configure:5666: result: yes
configure:5679: checking for sys/types.h
configure:5679: gcc -c -g -O2 -Wall  conftest.c >&5
configure:5679: $? = 0
configure:5679: result: yes
configure:5679: checking for sys/stat.h
configure:5679: gcc -c -g -O2 -Wall  conftest.c >&5
configure:5679: $? = 0
configure:5679: result: yes
configure:5679: checking for stdlib.h
configure:5679: gcc -c -g -O2 -Wall  conftest.c >&5
configure:5679: $? = 0
configure:5679: result: yes
configure:5679: checking for string.h
configure:5679: gcc -c -g -O2 -Wall  conftest.c >&5
configure:5679: $? = 0
configure:5679: result: yes
configure:5679: checking for memory.h
configure:5679: gcc -c -g -O2 -Wall  conftest.c >&5
configure:5679: $? = 0
configure:5679: result: yes
configure:5679: checking for strings.h
configure:5679: gcc -c -g -O2 -Wall  conftest.c >&5
configure:5679: $? = 0
configure:5679: result: yes
configure:5679: checking for inttypes.h
configure:5679: gcc -c -g -O2 -Wall  conftest.c >&5
configure:5679: $? = 0
configure:5679: result: yes
configure:5679: checking for stdint.h
configure:5679: gcc -c -g -O2 -Wall  conftest.c >&5
configure:5679: $? = 0
configure:5679: result: yes
configure:5679: checking for unistd.h
configure:5679: gcc -c -g -O2 -Wall  conftest.c >&5
configure:5679: $? = 0
configure:5679: result: yes
configure:5692: checking whether byte ordering is bigendian
configure:5707: gcc -c -g -O2 -Wall  conftest.c >&5
conftest.c:22: error: expected '=', ',', ';', 'asm' or '__attribute__' before 'a'
configure:5707: $? = 1
configure: failed program was:
| /* confdefs.h */
| #define PACKAGE_NAME ""
| #define PACKAGE_TARNAME ""
| #define PACKAGE_VERSION ""
| #define PACKAGE_STRING ""
| #define PACKAGE_BUGREPORT ""
| #define PACKAGE_URL ""
| #define PACKAGE "sphinx3"
| #define VERSION "0.8"
| #define STDC_HEADERS 1
| #define HAVE_SYS_TYPES_H 1
| #define HAVE_SYS_STAT_H 1
| #define HAVE_STDLIB_H 1
| #define HAVE_STRING_H 1
| #define HAVE_MEMORY_H 1
| #define HAVE_STRINGS_H 1
| #define HAVE_INTTYPES_H 1
| #define HAVE_STDINT_H 1
| #define HAVE_UNISTD_H 1
| /* end confdefs.h.  */
| #ifndef __APPLE_CC__
| 	       not a universal capable compiler
| 	     #endif
| 	     typedef int dummy;
| 
configure:5752: gcc -c -g -O2 -Wall  conftest.c >&5
configure:5752: $? = 0
configure:5770: gcc -c -g -O2 -Wall  conftest.c >&5
conftest.c: In function 'main':
conftest.c:28: error: 'not' undeclared (first use in this function)
conftest.c:28: error: (Each undeclared identifier is reported only once
conftest.c:28: error: for each function it appears in.)
conftest.c:28: error: expected ';' before 'big'
configure:5770: $? = 1
configure: failed program was:
| /* confdefs.h */
| #define PACKAGE_NAME ""
| #define PACKAGE_TARNAME ""
| #define PACKAGE_VERSION ""
| #define PACKAGE_STRING ""
| #define PACKAGE_BUGREPORT ""
| #define PACKAGE_URL ""
| #define PACKAGE "sphinx3"
| #define VERSION "0.8"
| #define STDC_HEADERS 1
| #define HAVE_SYS_TYPES_H 1
| #define HAVE_SYS_STAT_H 1
| #define HAVE_STDLIB_H 1
| #define HAVE_STRING_H 1
| #define HAVE_MEMORY_H 1
| #define HAVE_STRINGS_H 1
| #define HAVE_INTTYPES_H 1
| #define HAVE_STDINT_H 1
| #define HAVE_UNISTD_H 1
| /* end confdefs.h.  */
| #include <sys/types.h>
| 		#include <sys/param.h>
| 
| int
| main ()
| {
| #if BYTE_ORDER != BIG_ENDIAN
| 		 not big endian
| 		#endif
| 
|   ;
|   return 0;
| }
configure:5898: result: no
configure:5916: checking for ANSI C header files
configure:6020: result: yes
configure:6029: checking for an ANSI C-conforming const
configure:6094: gcc -c -g -O2 -Wall  conftest.c >&5
conftest.c: In function 'main':
conftest.c:51: warning: 't' is used uninitialized in this function
conftest.c:67: warning: 'b' is used uninitialized in this function
conftest.c:30: warning: 'cs[0]' is used uninitialized in this function
configure:6094: $? = 0
configure:6101: result: yes
configure:6109: checking for size_t
configure:6109: gcc -c -g -O2 -Wall  conftest.c >&5
configure:6109: $? = 0
configure:6109: gcc -c -g -O2 -Wall  conftest.c >&5
conftest.c: In function 'main':
conftest.c:58: error: expected expression before ')' token
configure:6109: $? = 1
configure: failed program was:
| /* confdefs.h */
| #define PACKAGE_NAME ""
| #define PACKAGE_TARNAME ""
| #define PACKAGE_VERSION ""
| #define PACKAGE_STRING ""
| #define PACKAGE_BUGREPORT ""
| #define PACKAGE_URL ""
| #define PACKAGE "sphinx3"
| #define VERSION "0.8"
| #define STDC_HEADERS 1
| #define HAVE_SYS_TYPES_H 1
| #define HAVE_SYS_STAT_H 1
| #define HAVE_STDLIB_H 1
| #define HAVE_STRING_H 1
| #define HAVE_MEMORY_H 1
| #define HAVE_STRINGS_H 1
| #define HAVE_INTTYPES_H 1
| #define HAVE_STDINT_H 1
| #define HAVE_UNISTD_H 1
| #define STDC_HEADERS 1
| /* end confdefs.h.  */
| #include <stdio.h>
| #ifdef HAVE_SYS_TYPES_H
| # include <sys/types.h>
| #endif
| #ifdef HAVE_SYS_STAT_H
| # include <sys/stat.h>
| #endif
| #ifdef STDC_HEADERS
| # include <stdlib.h>
| # include <stddef.h>
| #else
| # ifdef HAVE_STDLIB_H
| #  include <stdlib.h>
| # endif
| #endif
| #ifdef HAVE_STRING_H
| # if !defined STDC_HEADERS && defined HAVE_MEMORY_H
| #  include <memory.h>
| # endif
| # include <string.h>
| #endif
| #ifdef HAVE_STRINGS_H
| # include <strings.h>
| #endif
| #ifdef HAVE_INTTYPES_H
| # include <inttypes.h>
| #endif
| #ifdef HAVE_STDINT_H
| # include <stdint.h>
| #endif
| #ifdef HAVE_UNISTD_H
| # include <unistd.h>
| #endif
| int
| main ()
| {
| if (sizeof ((size_t)))
| 	    return 0;
|   ;
|   return 0;
| }
configure:6109: result: yes
configure:6123: checking for memmove
configure:6123: gcc -o conftest -g -O2 -Wall   conftest.c  >&5
conftest.c:45: warning: conflicting types for built-in function 'memmove'
configure:6123: $? = 0
configure:6123: result: yes
configure:6123: checking for bcopy
configure:6123: gcc -o conftest -g -O2 -Wall   conftest.c  >&5
conftest.c:46: warning: conflicting types for built-in function 'bcopy'
configure:6123: $? = 0
configure:6123: result: yes
configure:6134: checking return type of signal handlers
configure:6152: gcc -c -g -O2 -Wall  conftest.c >&5
conftest.c: In function 'main':
conftest.c:30: error: void value not ignored as it ought to be
configure:6152: $? = 1
configure: failed program was:
| /* confdefs.h */
| #define PACKAGE_NAME ""
| #define PACKAGE_TARNAME ""
| #define PACKAGE_VERSION ""
| #define PACKAGE_STRING ""
| #define PACKAGE_BUGREPORT ""
| #define PACKAGE_URL ""
| #define PACKAGE "sphinx3"
| #define VERSION "0.8"
| #define STDC_HEADERS 1
| #define HAVE_SYS_TYPES_H 1
| #define HAVE_SYS_STAT_H 1
| #define HAVE_STDLIB_H 1
| #define HAVE_STRING_H 1
| #define HAVE_MEMORY_H 1
| #define HAVE_STRINGS_H 1
| #define HAVE_INTTYPES_H 1
| #define HAVE_STDINT_H 1
| #define HAVE_UNISTD_H 1
| #define STDC_HEADERS 1
| #define HAVE_MEMMOVE 1
| #define HAVE_BCOPY 1
| /* end confdefs.h.  */
| #include <sys/types.h>
| #include <signal.h>
| 
| int
| main ()
| {
| return *(signal (0, 0)) (0) == 1;
|   ;
|   return 0;
| }
configure:6159: result: void
configure:6175: checking if compiler supports __attribute__((visibility("default")))
configure:6186: gcc -c -g -O2 -Wall -fvisibility=hidden  conftest.c >&5
configure:6186: $? = 0
configure:6194: result: yes
configure:6240: checking sphinxbase/sphinx_config.h usability
configure:6240: gcc -c -g -O2 -Wall -fvisibility=hidden  conftest.c >&5
configure:6240: $? = 0
configure:6240: result: yes
configure:6240: checking sphinxbase/sphinx_config.h presence
configure:6240: gcc -E  conftest.c
configure:6240: $? = 0
configure:6240: result: yes
configure:6240: checking for sphinxbase/sphinx_config.h
configure:6240: result: yes
configure:6333: checking for perl
configure:6351: found /usr/bin/perl
configure:6363: result: /usr/bin/perl
configure:6373: checking for csh
configure:6391: found /bin/csh
configure:6403: result: /bin/csh
configure:6448: checking for a sed that does not truncate output
configure:6512: result: /bin/sed
configure:6530: checking for fgrep
configure:6592: result: /bin/grep -F
configure:6627: checking for ld used by gcc
configure:6694: result: /usr/bin/ld
configure:6701: checking if the linker (/usr/bin/ld) is GNU ld
configure:6716: result: yes
configure:6728: checking for BSD- or MS-compatible name lister (nm)
configure:6777: result: /usr/bin/nm -B
configure:6895: checking the name lister (/usr/bin/nm -B) interface
configure:6902: gcc -c -g -O2 -Wall -fvisibility=hidden -I/usr/include/sphinxbase -I/usr/local/include/sphinxbase conftest.c >&5
configure:6905: /usr/bin/nm -B "conftest.o"
configure:6908: output
00000000 B some_variable
configure:6915: result: BSD nm
configure:6918: checking whether ln -s works
configure:6922: result: yes
configure:6930: checking the maximum length of command line arguments
configure:7050: result: 1572864
configure:7067: checking whether the shell understands some XSI constructs
configure:7077: result: yes
configure:7081: checking whether the shell understands "+="
configure:7087: result: yes
configure:7122: checking for /usr/bin/ld option to reload object files
configure:7129: result: -r
configure:7198: checking for objdump
configure:7214: found /usr/bin/objdump
configure:7225: result: objdump
configure:7257: checking how to recognize dependent libraries
configure:7453: result: pass_all
configure:7513: checking for ar
configure:7529: found /usr/bin/ar
configure:7540: result: ar
configure:7618: checking for strip
configure:7634: found /usr/bin/strip
configure:7645: result: strip
configure:7717: checking for ranlib
configure:7733: found /usr/bin/ranlib
configure:7744: result: ranlib
configure:7834: checking command to parse /usr/bin/nm -B output from gcc object
configure:7952: gcc -c -g -O2 -Wall -fvisibility=hidden -I/usr/include/sphinxbase -I/usr/local/include/sphinxbase conftest.c >&5
configure:7955: $? = 0
configure:7959: /usr/bin/nm -B conftest.o \| sed -n -e 's/^.*[	 ]\([ABCDGIRSTW][ABCDGIRSTW]*\)[	 ][	 ]*\([_A-Za-z][_A-Za-z0-9]*\)$/\1 \2 \2/p' \> conftest.nm
configure:7962: $? = 0
configure:8016: gcc -o conftest -g -O2 -Wall -fvisibility=hidden -I/usr/include/sphinxbase -I/usr/local/include/sphinxbase  conftest.c conftstm.o >&5
configure:8019: $? = 0
configure:8057: result: ok
configure:8862: checking for dlfcn.h
configure:8862: gcc -c -g -O2 -Wall -fvisibility=hidden -I/usr/include/sphinxbase -I/usr/local/include/sphinxbase conftest.c >&5
configure:8862: $? = 0
configure:8862: result: yes
configure:9046: checking for objdir
configure:9061: result: .libs
configure:9353: checking if gcc supports -fno-rtti -fno-exceptions
configure:9371: gcc -c -g -O2 -Wall -fvisibility=hidden -I/usr/include/sphinxbase -I/usr/local/include/sphinxbase -fno-rtti -fno-exceptions conftest.c >&5
cc1: warning: command line option "-fno-rtti" is valid for C++/ObjC++ but not for C
configure:9375: $? = 0
configure:9388: result: no
configure:9408: checking for gcc option to produce PIC
configure:9680: result: -fPIC -DPIC
configure:9692: checking if gcc PIC flag -fPIC -DPIC works
configure:9710: gcc -c -g -O2 -Wall -fvisibility=hidden -I/usr/include/sphinxbase -I/usr/local/include/sphinxbase -fPIC -DPIC -DPIC conftest.c >&5
configure:9714: $? = 0
configure:9727: result: yes
configure:9751: checking if gcc static flag -static works
configure:9779: result: yes
configure:9794: checking if gcc supports -c -o file.o
configure:9815: gcc -c -g -O2 -Wall -fvisibility=hidden -I/usr/include/sphinxbase -I/usr/local/include/sphinxbase -o out/conftest2.o conftest.c >&5
configure:9819: $? = 0
configure:9841: result: yes
configure:9849: checking if gcc supports -c -o file.o
configure:9896: result: yes
configure:9929: checking whether the gcc linker (/usr/bin/ld) supports shared libraries
configure:10919: result: yes
configure:10956: checking whether -lc should be explicitly linked in
configure:10961: gcc -c -g -O2 -Wall -fvisibility=hidden -I/usr/include/sphinxbase -I/usr/local/include/sphinxbase conftest.c >&5
configure:10964: $? = 0
configure:10979: gcc -shared conftest.o  -v -Wl,-soname -Wl,conftest -o conftest 2\>\&1 \| /bin/grep  -lc  \>/dev/null 2\>\&1
configure:10982: $? = 0
configure:10994: result: no
configure:11158: checking dynamic linker characteristics
configure:11591: gcc -o conftest -g -O2 -Wall -fvisibility=hidden -I/usr/include/sphinxbase -I/usr/local/include/sphinxbase  -Wl,-rpath -Wl,/foo conftest.c  >&5
configure:11591: $? = 0
configure:11821: result: GNU/Linux ld.so
configure:11923: checking how to hardcode library paths into programs
configure:11948: result: immediate
configure:12468: checking whether stripping libraries is possible
configure:12473: result: yes
configure:12508: checking if libtool supports shared libraries
configure:12510: result: yes
configure:12513: checking whether to build shared libraries
configure:12534: result: yes
configure:12537: checking whether to build static libraries
configure:12541: result: yes
configure:12742: creating ./config.status

## ---------------------- ##
## Running config.status. ##
## ---------------------- ##

This file was extended by config.status, which was
generated by GNU Autoconf 2.64.  Invocation command line was

  CONFIG_FILES    = 
  CONFIG_HEADERS  = 
  CONFIG_LINKS    = 
  CONFIG_COMMANDS = 
  $ ./config.status 

on ubuntu

config.status:1061: creating sphinx3.pc
config.status:1061: creating Makefile
config.status:1061: creating src/Makefile
config.status:1061: creating src/libs3decoder/Makefile
config.status:1061: creating src/libs3decoder/libAPI/Makefile
config.status:1061: creating src/libs3decoder/libam/Makefile
config.status:1061: creating src/libs3decoder/libconfidence/Makefile
config.status:1061: creating src/libs3decoder/libcommon/Makefile
config.status:1061: creating src/libs3decoder/libdict/Makefile
config.status:1061: creating src/libs3decoder/libep/Makefile
config.status:1061: creating src/libs3decoder/liblm/Makefile
config.status:1061: creating src/libs3decoder/libsearch/Makefile
config.status:1061: creating src/libs3decoder/libcfg/Makefile
config.status:1061: creating src/programs/Makefile
config.status:1061: creating src/tests/Makefile
config.status:1061: creating src/tests/performance/Makefile
config.status:1061: creating src/tests/performance/an4/Makefile
config.status:1061: creating src/tests/performance/hub4/Makefile
config.status:1061: creating src/tests/performance/rm1/Makefile
config.status:1061: creating src/tests/performance/wsj20k/Makefile
config.status:1061: creating src/tests/performance/wsj5k/Makefile
config.status:1061: creating src/tests/performance/tidigits/Makefile
config.status:1061: creating src/tests/performance/ti46/Makefile
config.status:1061: creating src/tests/performance/Communicator/Makefile
config.status:1061: creating src/tests/performance/ICSI/Makefile
config.status:1061: creating src/tests/performance/spoke3/Makefile
config.status:1061: creating src/tests/regression/Makefile
config.status:1061: creating src/tests/regression/checkStyle.sh
config.status:1061: creating src/tests/regression/testfuncs.sh
config.status:1061: creating src/tests/unit_tests/Makefile
config.status:1061: creating src/tests/unit_tests/test_logs3/Makefile
config.status:1061: creating scripts/Makefile
config.status:1061: creating scripts/sphinx3-simple
config.status:1061: creating model/Makefile
config.status:1061: creating model/ep/Makefile
config.status:1061: creating model/hmm/Makefile
config.status:1061: creating model/hmm/hub4_cd_continuous_8gau_1s_c_d_dd/Makefile
config.status:1061: creating model/hmm/tidigits/Makefile
config.status:1061: creating model/hmm/RM1_cd_semi/Makefile
config.status:1061: creating model/lm/Makefile
config.status:1061: creating model/lm/an4/Makefile
config.status:1061: creating model/lm/an4/args.an4
config.status:1061: creating model/lm/an4/args.an4.test
config.status:1061: creating model/lm/an4/args.an4.test.cls
config.status:1061: creating model/lm/an4/args.an4.test.mllr
config.status:1061: creating model/lm/an4/args.an4.test.fsg
config.status:1061: creating model/lm/an4/an4.ug.cls.lmctl
config.status:1061: creating include/Makefile
config.status:1061: creating doc/Makefile
config.status:1224: executing depfiles commands
config.status:1224: executing libtool commands

## ---------------- ##
## Cache variables. ##
## ---------------- ##

ac_cv_build=i686-pc-linux-gnu
ac_cv_c_bigendian=no
ac_cv_c_compiler_gnu=yes
ac_cv_c_const=yes
ac_cv_env_CC_set=
ac_cv_env_CC_value=
ac_cv_env_CFLAGS_set=
ac_cv_env_CFLAGS_value=
ac_cv_env_CPPFLAGS_set=
ac_cv_env_CPPFLAGS_value=
ac_cv_env_CPP_set=
ac_cv_env_CPP_value=
ac_cv_env_LDFLAGS_set=
ac_cv_env_LDFLAGS_value=
ac_cv_env_LIBS_set=
ac_cv_env_LIBS_value=
ac_cv_env_build_alias_set=
ac_cv_env_build_alias_value=
ac_cv_env_host_alias_set=
ac_cv_env_host_alias_value=
ac_cv_env_target_alias_set=
ac_cv_env_target_alias_value=
ac_cv_func_bcopy=yes
ac_cv_func_memmove=yes
ac_cv_header_dlfcn_h=yes
ac_cv_header_inttypes_h=yes
ac_cv_header_memory_h=yes
ac_cv_header_sphinxbase_sphinx_config_h=yes
ac_cv_header_stdc=yes
ac_cv_header_stdint_h=yes
ac_cv_header_stdlib_h=yes
ac_cv_header_string_h=yes
ac_cv_header_strings_h=yes
ac_cv_header_sys_stat_h=yes
ac_cv_header_sys_types_h=yes
ac_cv_header_unistd_h=yes
ac_cv_host=i686-pc-linux-gnu
ac_cv_objext=o
ac_cv_path_CSH=/bin/csh
ac_cv_path_EGREP='/bin/grep -E'
ac_cv_path_FGREP='/bin/grep -F'
ac_cv_path_GREP=/bin/grep
ac_cv_path_PERL=/usr/bin/perl
ac_cv_path_SED=/bin/sed
ac_cv_path_install='/usr/bin/install -c'
ac_cv_path_mkdir=/bin/mkdir
ac_cv_prog_AWK=mawk
ac_cv_prog_CPP='gcc -E'
ac_cv_prog_ac_ct_AR=ar
ac_cv_prog_ac_ct_CC=gcc
ac_cv_prog_ac_ct_OBJDUMP=objdump
ac_cv_prog_ac_ct_RANLIB=ranlib
ac_cv_prog_ac_ct_STRIP=strip
ac_cv_prog_cc_c89=
ac_cv_prog_cc_g=yes
ac_cv_prog_make_make_set=yes
ac_cv_search_strerror='none required'
ac_cv_type_signal=void
ac_cv_type_size_t=yes
am_cv_CC_dependencies_compiler_type=gcc3
am_cv_prog_cc_stdc=
cc_cv_attribute_visibility=yes
lt_cv_deplibs_check_method=pass_all
lt_cv_file_magic_cmd='$MAGIC_CMD'
lt_cv_file_magic_test_file=
lt_cv_ld_reload_flag=-r
lt_cv_nm_interface='BSD nm'
lt_cv_objdir=.libs
lt_cv_path_LD=/usr/bin/ld
lt_cv_path_NM='/usr/bin/nm -B'
lt_cv_prog_compiler_c_o=yes
lt_cv_prog_compiler_pic_works=yes
lt_cv_prog_compiler_rtti_exceptions=no
lt_cv_prog_compiler_static_works=yes
lt_cv_prog_gnu_ld=yes
lt_cv_sys_global_symbol_pipe='sed -n -e '\''s/^.*[	 ]\([ABCDGIRSTW][ABCDGIRSTW]*\)[	 ][	 ]*\([_A-Za-z][_A-Za-z0-9]*\)$/\1 \2 \2/p'\'''
lt_cv_sys_global_symbol_to_c_name_address='sed -n -e '\''s/^: \([^ ]*\) $/  {\"\1\", (void *) 0},/p'\'' -e '\''s/^[ABCDGIRSTW]* \([^ ]*\) \([^ ]*\)$/  {"\2", (void *) \&\2},/p'\'''
lt_cv_sys_global_symbol_to_c_name_address_lib_prefix='sed -n -e '\''s/^: \([^ ]*\) $/  {\"\1\", (void *) 0},/p'\'' -e '\''s/^[ABCDGIRSTW]* \([^ ]*\) \(lib[^ ]*\)$/  {"\2", (void *) \&\2},/p'\'' -e '\''s/^[ABCDGIRSTW]* \([^ ]*\) \([^ ]*\)$/  {"lib\2", (void *) \&\2},/p'\'''
lt_cv_sys_global_symbol_to_cdecl='sed -n -e '\''s/^T .* \(.*\)$/extern int \1();/p'\'' -e '\''s/^[ABCDGIRSTW]* .* \(.*\)$/extern char \1;/p'\'''
lt_cv_sys_max_cmd_len=1572864

## ----------------- ##
## Output variables. ##
## ----------------- ##

ACLOCAL='${SHELL} /home/sh1n0b1/.xbmc/plugins/video/Django3/modules/sphinx/sphinx3-0.8/missing --run aclocal-1.11'
AMDEPBACKSLASH='\'
AMDEP_FALSE='#'
AMDEP_TRUE=''
AMTAR='${SHELL} /home/sh1n0b1/.xbmc/plugins/video/Django3/modules/sphinx/sphinx3-0.8/missing --run tar'
AR='ar'
AUTOCONF='${SHELL} /home/sh1n0b1/.xbmc/plugins/video/Django3/modules/sphinx/sphinx3-0.8/missing --run autoconf'
AUTOHEADER='${SHELL} /home/sh1n0b1/.xbmc/plugins/video/Django3/modules/sphinx/sphinx3-0.8/missing --run autoheader'
AUTOMAKE='${SHELL} /home/sh1n0b1/.xbmc/plugins/video/Django3/modules/sphinx/sphinx3-0.8/missing --run automake-1.11'
AWK='mawk'
CC='gcc'
CCDEPMODE='depmode=gcc3'
CFLAGS='-g -O2 -Wall -fvisibility=hidden'
CPP='gcc -E'
CPPFLAGS='-I/usr/include/sphinxbase -I/usr/local/include/sphinxbase'
CSH='/bin/csh'
CYGPATH_W='echo'
DEFS='-DPACKAGE_NAME=\"\" -DPACKAGE_TARNAME=\"\" -DPACKAGE_VERSION=\"\" -DPACKAGE_STRING=\"\" -DPACKAGE_BUGREPORT=\"\" -DPACKAGE_URL=\"\" -DPACKAGE=\"sphinx3\" -DVERSION=\"0.8\" -DSTDC_HEADERS=1 -DHAVE_SYS_TYPES_H=1 -DHAVE_SYS_STAT_H=1 -DHAVE_STDLIB_H=1 -DHAVE_STRING_H=1 -DHAVE_MEMORY_H=1 -DHAVE_STRINGS_H=1 -DHAVE_INTTYPES_H=1 -DHAVE_STDINT_H=1 -DHAVE_UNISTD_H=1 -DSTDC_HEADERS=1 -DHAVE_MEMMOVE=1 -DHAVE_BCOPY=1 -DRETSIGTYPE=void -DHAVE_ATTRIBUTE_VISIBILITY=1 -DHAVE_DLFCN_H=1 -DLT_OBJDIR=\".libs/\"'
DEPDIR='.deps'
DSYMUTIL=''
DUMPBIN=''
ECHO_C=''
ECHO_N='-n'
ECHO_T=''
EGREP='/bin/grep -E'
EXEEXT=''
FGREP='/bin/grep -F'
GREP='/bin/grep'
INSTALL_DATA='${INSTALL} -m 644'
INSTALL_PROGRAM='${INSTALL}'
INSTALL_SCRIPT='${INSTALL}'
INSTALL_STRIP_PROGRAM='$(install_sh) -c -s'
LD='/usr/bin/ld'
LDFLAGS=''
LIBOBJS=''
LIBS=''
LIBTOOL='$(SHELL) $(top_builddir)/libtool'
LIPO=''
LN_S='ln -s'
LTLIBOBJS=''
MAKEINFO='${SHELL} /home/sh1n0b1/.xbmc/plugins/video/Django3/modules/sphinx/sphinx3-0.8/missing --run makeinfo'
MKDIR_P='/bin/mkdir -p'
NM='/usr/bin/nm -B'
NMEDIT=''
OBJDUMP='objdump'
OBJEXT='o'
OTOOL64=''
OTOOL=''
PACKAGE='sphinx3'
PACKAGE_BUGREPORT=''
PACKAGE_NAME=''
PACKAGE_STRING=''
PACKAGE_TARNAME=''
PACKAGE_URL=''
PACKAGE_VERSION=''
PATH_SEPARATOR=':'
PERL='/usr/bin/perl'
RANLIB='ranlib'
SED='/bin/sed'
SET_MAKE=''
SHELL='/bin/bash'
STRIP='strip'
VERSION='0.8'
ac_ct_CC='gcc'
ac_ct_DUMPBIN=''
ad_backend=''
ad_files=''
ad_libs=''
am__EXEEXT_FALSE=''
am__EXEEXT_TRUE='#'
am__fastdepCC_FALSE='#'
am__fastdepCC_TRUE=''
am__include='include'
am__isrc=''
am__leading_dot='.'
am__quote=''
am__tar='${AMTAR} chof - "$$tardir"'
am__untar='${AMTAR} xf -'
bindir='${exec_prefix}/bin'
build='i686-pc-linux-gnu'
build_alias=''
build_cpu='i686'
build_os='linux-gnu'
build_vendor='pc'
datadir='${datarootdir}'
datarootdir='${prefix}/share'
docdata='BN_AM_HUB96-97.doc BN_AM_HUB96-97.htm cmdhelp.txt doxygen.cfg doxygen.main images index.html models.html rarrow.gif s3 s3-2.htm s3-2.pdf s3-2.ppt s3-2_files s3-4.pdf s3-4.ppt s3-5.ppt s3-6.ppt s3_codewalk.html s3_description.html s3_fe_spec.pdf s3_overview.html sphinx3.3-6.ppt sphinx3.4.code.tracing sphinx3.5_refactoring.note sphinxman_FAQ.html sphinxman_manual.html sphinxman_misc.html'
docdir='${datarootdir}/doc/${PACKAGE}'
dvidir='${docdir}'
epdata='chan3-dither.cepview chan3-logspec.cepview chan3.cepview chan3.logspec chan3.mfc chan3.raw ep.mdef ep.result means mixture_weights variances'
exec_prefix='${prefix}'
hmmdata='8gau.6000sen.quant feat.params mdef means mixture_weights mllr_matrices test-align-mllr.out test-conf.confhypseg test.align.mllr.out test.align.out test.align.phseg test.align.wdseg test.allphone.allp test.allphone.match test.allphone.matchseg test.allphone.mllr.allp test.allphone.mllr.match test.allphone.mllr.matchseg test.allphone.phone_tg.allp test.allphone.phone_tg.match test.allphone.phone_tg.matchseg test.allphone.phone_tg.mllr.allp test.allphone.phone_tg.mllr.match test.allphone.phone_tg.mllr.matchseg test.dp.hyp test.dp.ref test.dp.simple.log test.mode1369.dump test.subvq transition_matrices variances'
host='i686-pc-linux-gnu'
host_alias=''
host_cpu='i686'
host_os='linux-gnu'
host_vendor='pc'
htmldir='${docdir}'
includedir='${prefix}/include'
infodir='${datarootdir}/info'
install_sh='${SHELL} /home/sh1n0b1/.xbmc/plugins/video/Django3/modules/sphinx/sphinx3-0.8/install-sh'
libdir='${exec_prefix}/lib'
libexecdir='${exec_prefix}/libexec'
lmdata='README align.correct an4.cls.probdef an4.ctl an4.ctl.platform_independent an4.ctl_lm an4.dict an4.phone.dict an4.phonelist an4.tg.phone.arpa an4.tg.phone.arpa.DMP an4.tg.phone.arpa.FST an4.tg.phone.arpa.FST.SYM an4.tg.phone.arpa.lm_convert an4.ug.cls.lm an4.ug.cls.lm.DMP an4.ug.cls.lmctl an4.ug.cls.lmctl an4.ug.fsg an4.ug.lm an4.ug.lm.DMP an4.ug.lm.FST an4.ug.lm.FST.SYM an4.ug.lm.lm_convert args.an4 args.an4 args.an4.test args.an4.test.cls args.an4.test.cls args.an4.test.fsg args.an4.test.fsg args.an4.test args.an4.test.mllr args.an4.test.mllr args.an4.test.win32 filler.dict pittsburgh.bigendian.mfc pittsburgh.bigendian.raw pittsburgh.lat.gz pittsburgh.littleendian.abcd pittsburgh.littleendian.mfc pittsburgh.littleendian.raw pittsburgh.littleendian.slf pittsburgh.nbest'
localedir='${datarootdir}/locale'
localstatedir='${prefix}/var'
lt_ECHO='echo'
mandir='${datarootdir}/man'
mkdir_p='/bin/mkdir -p'
oldincludedir='/usr/include'
pdfdir='${docdir}'
prefix='/usr/local'
program_transform_name='s,x,x,'
psdir='${docdir}'
sbindir='${exec_prefix}/sbin'
sharedstatedir='${prefix}/com'
sphinxbase=''
sysconfdir='${prefix}/etc'
target_alias=''
tidigitsdata='./test.digits.fsg ./tidigits.length.arb.regression ./tidigits.length.arb.result ./tidigits.length.1.result ./tidigits.length.2.regression ./dictionary ./wd_dependent_phone.cd_continuous_8gau/variances ./wd_dependent_phone.cd_continuous_8gau/mdef ./wd_dependent_phone.cd_continuous_8gau/transition_matrices ./wd_dependent_phone.cd_continuous_8gau/means ./wd_dependent_phone.cd_continuous_8gau/mixture_weights ./test.2.digits.fsg ./fillerdict ./test.iso.digits.fsg ./cepstra/woman/woman.ak.75a.mfc ./cepstra/woman/woman.ak.5z874a.mfc ./cepstra/woman/woman.ak.3z3z9a.mfc ./cepstra/woman/woman.ak.o69a.mfc ./cepstra/woman/woman.ak.za.mfc ./cepstra/woman/woman.ak.1b.mfc ./cepstra/woman/woman.ak.6728za.mfc ./cepstra/woman/woman.ak.84983a.mfc ./cepstra/woman/woman.ak.532a.mfc ./cepstra/woman/woman.ak.99731a.mfc ./cepstra/woman/woman.ak.48z66zza.mfc ./cepstra/woman/woman.ak.8a.mfc ./cepstra/woman/woman.ak.334a.mfc ./cepstra/woman/woman.ak.276317oa.mfc ./cepstra/woman/woman.ak.ooa.mfc ./cepstra/man/man.ah.75913a.mfc ./cepstra/man/man.ah.63a.mfc ./cepstra/man/man.ah.3oa.mfc ./cepstra/man/man.ah.2934za.mfc ./cepstra/man/man.ah.8b.mfc ./cepstra/man/man.ah.588zza.mfc ./cepstra/man/man.ah.35oa.mfc ./cepstra/man/man.ah.o789a.mfc ./cepstra/man/man.ah.4625a.mfc ./cepstra/man/man.ah.844o1a.mfc ./cepstra/man/man.ah.111a.mfc ./cepstra/man/man.ah.9b.mfc ./cepstra/man/man.ah.z4548a.mfc ./cepstra/man/man.ah.1b.mfc ./cepstra/man/man.ah.6o838a.mfc ./cepstra/man/man.ah.zb.mfc ./tidigits.length.1.regression ./tidigits.length.2.result'

## ----------- ##
## confdefs.h. ##
## ----------- ##

/* confdefs.h */
#define PACKAGE_NAME ""
#define PACKAGE_TARNAME ""
#define PACKAGE_VERSION ""
#define PACKAGE_STRING ""
#define PACKAGE_BUGREPORT ""
#define PACKAGE_URL ""
#define PACKAGE "sphinx3"
#define VERSION "0.8"
#define STDC_HEADERS 1
#define HAVE_SYS_TYPES_H 1
#define HAVE_SYS_STAT_H 1
#define HAVE_STDLIB_H 1
#define HAVE_STRING_H 1
#define HAVE_MEMORY_H 1
#define HAVE_STRINGS_H 1
#define HAVE_INTTYPES_H 1
#define HAVE_STDINT_H 1
#define HAVE_UNISTD_H 1
#define STDC_HEADERS 1
#define HAVE_MEMMOVE 1
#define HAVE_BCOPY 1
#define RETSIGTYPE void
#define HAVE_ATTRIBUTE_VISIBILITY 1
#define HAVE_DLFCN_H 1
#define LT_OBJDIR ".libs/"

configure: exit 0
