############## XBMC CRASH LOG ###############

################ SYSTEM INFO ################
 Date: Sun May 30 23:06:50 IST 2010
 XBMC Options: 
 Arch: i686
 Kernel: Linux 2.6.31-21-generic #59-Ubuntu SMP Wed Mar 24 07:28:56 UTC 2010
 Release: 
    Distributor ID:	Ubuntu
    Description:	Ubuntu 9.10
    Release:	9.10
    Codename:	karmic
############## END SYSTEM INFO ##############

############### STACK TRACE #################
=====>  Core file: /home/sh1n0b1/.xbmc/plugins/video/Django3/core
        ========================================= 
[New Thread 25937]
Core was generated by `/usr/share/xbmc/xbmc.bin'.
Program terminated with signal 11, Segmentation fault.
#0  0x00000000 in ?? ()

Thread 2 (Thread 25937):
#0  0x00b10422 in __kernel_vsyscall ()
#1  0x066c1d96 in poll () from /lib/tls/i686/cmov/libc.so.6
#2  0x00a802de in ?? () from /usr/lib/libavahi-common.so.3
#3  0x00a7ea3d in avahi_simple_poll_run () from /usr/lib/libavahi-common.so.3
#4  0x00a7f2d0 in avahi_simple_poll_iterate () from /usr/lib/libavahi-common.so.3
#5  0x00a7f320 in avahi_simple_poll_loop () from /usr/lib/libavahi-common.so.3
#6  0x00a800cb in ?? () from /usr/lib/libavahi-common.so.3
#7  0x005e580e in start_thread () from /lib/tls/i686/cmov/libpthread.so.0
#8  0x066cfa0e in clone () from /lib/tls/i686/cmov/libc.so.6

Thread 1 (Thread 25919):
#0  0x00000000 in ?? ()
#1  0x7fffffff in ?? ()
=====>  Core file: /home/sh1n0b1/.xbmc/plugins/video/Django2/django/core
        ========================================= 
############# END STACK TRACE ###############

################# LOG FILE ##################

23:06:26 T:3078866800 M:2272661504   ERROR: Failed to create common scripts symlink.
23:06:26 T:3078866800 M:2272661504  NOTICE: -----------------------------------------------------------------------
23:06:26 T:3078866800 M:2272661504  NOTICE: Starting XBMC, Platform: GNU/Linux.  Built on Dec 24 2009 (SVN:26018)
23:06:26 T:3078866800 M:2272661504  NOTICE: special://xbmc/ is mapped to: /usr/share/xbmc
23:06:26 T:3078866800 M:2272661504  NOTICE: special://masterprofile/ is mapped to: /home/sh1n0b1/.xbmc/userdata
23:06:26 T:3078866800 M:2272661504  NOTICE: special://home/ is mapped to: /home/sh1n0b1/.xbmc
23:06:26 T:3078866800 M:2272661504  NOTICE: special://temp/ is mapped to: /home/sh1n0b1/.xbmc/temp
23:06:26 T:3078866800 M:2272661504  NOTICE: The executable running is: /usr/lib/xbmc/xbmc.bin
23:06:26 T:3078866800 M:2272661504  NOTICE: Log File is located: /home/sh1n0b1/.xbmc/temp/xbmc.log
23:06:26 T:3078866800 M:2272661504  NOTICE: -----------------------------------------------------------------------
23:06:26 T:3078866800 M:2272661504  NOTICE: Setup SDL
23:06:27 T:3078866800 M:2271629312  NOTICE: load settings...
23:06:27 T:3078866800 M:2271629312  NOTICE: special://profile/ is mapped to: special://masterprofile/
23:06:27 T:3078866800 M:2271629312  NOTICE: loading special://masterprofile/guisettings.xml
23:06:27 T:3078866800 M:2271629312  NOTICE: Getting hardware information now...
23:06:27 T:3078866800 M:2271629312  NOTICE: Checking resolution 12
23:06:27 T:3078866800 M:2271629312  NOTICE: Loading player core factory settings from special://xbmc/system/playercorefactory.xml.
23:06:27 T:3078866800 M:2271629312  NOTICE: Loaded playercorefactory configuration
23:06:27 T:3078866800 M:2271629312  NOTICE: Loading player core factory settings from special://masterprofile/playercorefactory.xml.
23:06:27 T:3078866800 M:2271629312  NOTICE: special://masterprofile/playercorefactory.xml does not exist. Skipping.
23:06:27 T:3078866800 M:2271629312  NOTICE: No advancedsettings.xml to load (special://masterprofile/advancedsettings.xml)
23:06:27 T:3078866800 M:2271629312  NOTICE: Default DVD Player: dvdplayer
23:06:27 T:3078866800 M:2271629312  NOTICE: Default Video Player: dvdplayer
23:06:27 T:3078866800 M:2271629312  NOTICE: Default Audio Player: paplayer
23:06:27 T:3078866800 M:2271629312  NOTICE: special://masterprofile/sources.xml
23:06:31 T:3078866800 M:2232328192  NOTICE: Using fbConfig[0]
23:06:31 T:3078866800 M:2230677504  NOTICE: GL_VENDOR = ATI Technologies Inc.
23:06:31 T:3078866800 M:2230677504  NOTICE: GL_RENDERER = ATI Mobility Radeon HD 3400 Series
23:06:31 T:3078866800 M:2230677504  NOTICE: GL_VERSION = 2.1.9016
23:06:31 T:3078866800 M:2230677504  NOTICE: GL_EXTENSIONS = GL_AMD_draw_buffers_blend GL_AMD_performance_monitor GL_ARB_color_buffer_float GL_ARB_copy_buffer GL_ARB_depth_buffer_float GL_ARB_depth_texture GL_ARB_draw_buffers GL_ARB_draw_buffers_blend GL_ARB_draw_instanced GL_ARB_fragment_program GL_ARB_fragment_program_shadow GL_ARB_fragment_shader GL_ARB_framebuffer_object GL_ARB_framebuffer_sRGB GL_ARB_geometry_shader4 GL_ARB_half_float_pixel GL_ARB_half_float_vertex GL_ARB_instanced_arrays GL_ARB_map_buffer_range GL_ARB_multisample GL_ARB_multitexture GL_ARB_occlusion_query GL_ARB_pixel_buffer_object GL_ARB_point_parameters GL_ARB_point_sprite GL_ARB_provoking_vertex GL_ARB_shader_objects GL_ARB_shader_texture_lod GL_ARB_shading_language_100 GL_ARB_shadow GL_ARB_shadow_ambient GL_ARB_texture_border_clamp GL_ARB_texture_buffer_object GL_ARB_texture_compression GL_ARB_texture_compression_rgtc GL_ARB_texture_cube_map GL_ARB_texture_env_add GL_ARB_texture_env_combine GL_ARB_texture_env_crossbar GL_ARB_texture_env_dot3 GL_ARB_texture_float GL_ARB_texture_mirrored_repeat GL_ARB_texture_non_power_of_two GL_ARB_texture_rectangle GL_ARB_texture_rg GL_ARB_texture_snorm GL_ARB_transpose_matrix GL_ARB_uniform_buffer_object GL_ARB_vertex_array_object GL_ARB_vertex_buffer_object GL_ARB_vertex_program GL_ARB_vertex_shader GL_ARB_window_pos GL_ATI_draw_buffers GL_ATI_envmap_bumpmap GL_ATI_fragment_shader GL_ATI_meminfo GL_ATI_separate_stencil GL_ATI_texture_compression_3dc GL_ATI_texture_env_combine3 GL_ATI_texture_float GL_ATI_texture_mirror_once GL_EXT_abgr GL_EXT_bgra GL_EXT_bindable_uniform GL_EXT_blend_color GL_EXT_blend_equation_separate GL_EXT_blend_func_separate GL_EXT_blend_minmax GL_EXT_blend_subtract GL_EXT_compiled_vertex_array GL_EXT_copy_buffer GL_EXT_copy_texture GL_EXT_draw_buffers2 GL_EXT_draw_instanced GL_EXT_draw_range_elements GL_EXT_fog_coord GL_EXT_framebuffer_blit GL_EXT_framebuffer_multisample GL_EXT_framebuffer_object GL_EXT_framebuffer_sRGB GL_EXT_geometry_shader4 GL_EXT_gpu_program_parameters GL_EXT_gpu_shader4 GL_EXT_multi_draw_arrays GL_EXT_packed_depth_stencil GL_EXT_packed_float GL_EXT_packed_pixels GL_EXT_pixel_buffer_object GL_EXT_point_parameters GL_EXT_provoking_vertex GL_EXT_rescale_normal GL_EXT_secondary_color GL_EXT_separate_specular_color GL_EXT_shadow_funcs GL_EXT_stencil_wrap GL_EXT_subtexture GL_EXT_texgen_reflection GL_EXT_texture3D GL_EXT_texture_array GL_EXT_texture_buffer_object GL_EXT_texture_compression_latc GL_EXT_texture_compression_rgtc GL_EXT_texture_compression_s3tc GL_EXT_texture_cube_map GL_EXT_texture_edge_clamp GL_EXT_texture_env_add GL_EXT_texture_env_combine GL_EXT_texture_env_dot3 GL_EXT_texture_filter_anisotropic GL_EXT_texture_integer GL_EXT_texture_lod GL_EXT_texture_lod_bias GL_EXT_texture_mirror_clamp GL_EXT_texture_object GL_EXT_texture_rectangle GL_EXT_texture_sRGB GL_EXT_texture_shared_exponent GL_EXT_texture_snorm GL_EXT_texture_swizzle GL_EXT_transform_feedback GL_EXT_vertex_array GL_EXT_vertex_array_bgra GL_IBM_texture_mirrored_repeat GL_KTX_buffer_region GL_NV_blend_square GL_NV_conditional_render GL_NV_copy_depth_to_color GL_NV_explicit_multisample GL_NV_primitive_restart GL_NV_texgen_reflection GL_SGIS_generate_mipmap GL_SGIS_texture_edge_clamp GL_SGIS_texture_lod GL_SUN_multi_draw_arrays GL_WIN_swap_hint WGL_EXT_swap_control
23:06:31 T:3078866800 M:2230726656   ERROR: GLX: Same window as before, refreshing context
23:06:31 T:3078866800 M:2230599680  NOTICE: DeviceKit.Disks: Added /host
23:06:31 T:3078866800 M:2230599680  NOTICE: DeviceKit.Disks: Added /media/OS
23:06:31 T:3078866800 M:2230599680  NOTICE: start dvd mediatype detection
23:06:31 T:3078866800 M:2230599680  NOTICE: initializing playlistplayer
23:06:31 T:3078866800 M:2230599680  NOTICE: DONE initializing playlistplayer
23:06:31 T:3078866800 M:2230599680  NOTICE: load default skin:[Confluence]
23:06:32 T:3078866800 M:2226081792  NOTICE: initialize done
23:06:32 T:3078866800 M:2226081792  NOTICE: Running the application...
23:06:32 T:3078866800 M:2226081792  NOTICE: ES: Starting event server
23:06:32 T:3078866800 M:2226081792  NOTICE: DS: Starting dbus server
23:06:32 T:2933701488 M:2225954816  NOTICE: ES: Starting UDP Event server on 127.0.0.1:9777
23:06:32 T:2933701488 M:2225954816  NOTICE: UDP: Listening on port 9777
23:06:32 T:3078866800 M:2225532928   ERROR:  DS: Failed to connect to the D-Bus session daemon: Empty address ''
23:06:32 T:3078866800 M:2225532928  NOTICE: starting zeroconf publishing
23:06:34 T:3078866800 M:2224697344   ERROR: Unable to load: special://home/plugins/video/Django3/resources/settings.xml, Line 0
                                            Failed to open file
23:06:35 T:2880576368 M:2222743552  NOTICE: -->Python Interpreter Initialized<--
12:36:36 T:2880576368 M:2217279488  NOTICE: ############### mode = None
12:36:37 T:3078866800 M:2216316928   ERROR: Unable to load: special://home/plugins/video/Django3/resources/settings.xml, Line 0
                                            Failed to open file
12:36:38 T:2880576368 M:2216316928  NOTICE: -->Python Interpreter Initialized<--
12:36:39 T:2880576368 M:2215542784  NOTICE: ############### mode = 1
12:36:39 T:2916916080 M:2210971648  NOTICE: CDVDVideoCodecFFmpeg::Open() Using codec: H.264 / AVC / MPEG-4 AVC / MPEG-4 part 10
12:36:39 T:2916916080 M:2210201600  NOTICE: CDVDVideoCodecFFmpeg::Open() Using codec: H.264 / AVC / MPEG-4 AVC / MPEG-4 part 10
12:36:41 T:3078866800 M:2210508800  NOTICE: DVDPlayer: Opening: /media/OS/MOVIES/TV-SERIES/django_upload/course_video/U2_-_With_Or_Without_You.flv
12:36:41 T:3078866800 M:2210381824 WARNING: CDVDMessageQueue(player)::Put MSGQ_NOT_INITIALIZED
12:36:41 T:2872183664 M:2210254848  NOTICE: Creating InputStream
12:36:41 T:2872183664 M:2210254848  NOTICE: Creating Demuxer
12:36:41 T:2872183664 M:2210254848  NOTICE: Opening video stream: 0 source: 256
12:36:41 T:2872183664 M:2210254848  NOTICE: Creating video codec with codec id: 28
12:36:41 T:2872183664 M:2210254848  NOTICE: CDVDVideoCodecFFmpeg::Open() Creating VDPAU(320x240)
12:36:41 T:2872183664 M:2210254848  NOTICE: (VDPAU) unable to get handle to libvdpau
12:36:41 T:2872183664 M:2210254848  NOTICE: CDVDVideoCodecFFmpeg::Open() Failed to get VDPAU device
12:36:41 T:2872183664 M:2210254848  NOTICE:  (VDPAU) ~CVDPAU
12:36:41 T:2872183664 M:2210254848  NOTICE: CDVDVideoCodecFFmpeg::Open() Using codec: H.264 / AVC / MPEG-4 AVC / MPEG-4 part 10
12:36:41 T:2872183664 M:2210127872  NOTICE: Creating video thread
12:36:41 T:2847005552 M:2210127872  NOTICE: running thread: video_thread
12:36:41 T:2872183664 M:2210127872  NOTICE: Opening audio stream: 1 source: 256
12:36:41 T:2872183664 M:2210127872  NOTICE: Finding audio codec for: 86018
12:36:41 T:2872183664 M:2210127872  NOTICE: Creating audio thread
12:36:41 T:2838612848 M:2210127872  NOTICE: running thread: CDVDPlayerAudio::Process()
12:36:41 T:2847005552 M:2210000896  NOTICE:  fps: 25.000000, pwidth: 320, pheight: 240, dwidth: 320, dheight: 240
12:36:41 T:2847005552 M:2210000896  NOTICE: Display resolution DESKTOP : 1280x800 @ 59.99 - Full Screen (12)
12:36:41 T:2838612848 M:2210000896  NOTICE: Creating audio device with codec id: 86018, channels: 2, sample rate: 44100, no pass-through
12:36:42 T:3078866800 M:2205175808  NOTICE: Using GL_TEXTURE_2D
12:36:42 T:3078866800 M:2205175808  NOTICE: GL: Selecting Single Pass YUV 2 RGB shader
12:36:42 T:3078866800 M:2208604160  NOTICE: GL: NPOT texture support detected
12:36:49 T:3078866800 M:2198884352  NOTICE: Storing total System Uptime
12:36:49 T:3078866800 M:2199011328  NOTICE: Saving settings
12:36:49 T:3078866800 M:2199011328  NOTICE: stop all
12:36:49 T:3078866800 M:2199011328  NOTICE: ES: Stopping event server
12:36:49 T:3078866800 M:2199011328  NOTICE: stopping zeroconf publishing
12:36:50 T:2933701488 M:2199011328  NOTICE: ES: UDP Event server stopped
12:36:50 T:3078866800 M:2199011328  NOTICE: stop dvd detect media
12:36:50 T:3078866800 M:2199011328  NOTICE: stop player
12:36:50 T:3078866800 M:2199011328  NOTICE: CDVDPlayer::CloseFile()
12:36:50 T:3078866800 M:2199011328  NOTICE: DVDPlayer: waiting for threads to exit
12:36:50 T:2872183664 M:2199011328  NOTICE: CDVDPlayer::OnExit()
12:36:50 T:2872183664 M:2199011328  NOTICE: DVDPlayer: closing audio stream
12:36:50 T:2872183664 M:2199011328  NOTICE: Closing audio stream
12:36:50 T:2872183664 M:2199011328  NOTICE: Waiting for audio thread to exit
12:36:50 T:2838612848 M:2199011328   ERROR: AddPackets - failed to add leftover bytes to render
12:36:50 T:2838612848 M:2199011328  NOTICE: thread end: CDVDPlayerAudio::OnExit()
12:36:50 T:2872183664 M:2199011328  NOTICE: Closing audio device
12:36:50 T:2872183664 M:2199138304  NOTICE: Deleting audio codec
12:36:50 T:2872183664 M:2199138304  NOTICE: DVDPlayer: closing video stream
12:36:50 T:2872183664 M:2199138304  NOTICE: Closing video stream
12:36:50 T:2872183664 M:2199138304  NOTICE: waiting for video thread to exit
12:36:50 T:2847005552 M:2199179264  NOTICE: thread end: video_thread
12:36:50 T:2872183664 M:2199306240  NOTICE: deleting video codec
12:36:50 T:2872183664 M:2199433216  NOTICE: CDVDPlayer::OnExit() deleting demuxer
12:36:50 T:2872183664 M:2199433216  NOTICE: CDVDPlayer::OnExit() deleting input stream
12:36:50 T:3078866800 M:2199433216  NOTICE: DVDPlayer: finished waiting
12:36:50 T:3078866800 M:2200702976  NOTICE: stop sap announcement listener
12:36:50 T:3078866800 M:2200702976  NOTICE: clean cached files!
12:36:50 T:3078866800 M:2200702976  NOTICE: unload skin
12:36:50 T:3078866800 M:2201718784  NOTICE: stop python
12:36:50 T:3078866800 M:2201718784  NOTICE: stopped
12:36:50 T:3078866800 M:2201718784  NOTICE: destroy
12:36:50 T:3078866800 M:2201718784  NOTICE: unload sections


############### END LOG FILE ################

############ END XBMC CRASH LOG #############
