############## XBMC CRASH LOG ###############

################ SYSTEM INFO ################
 Date: Sun May 30 22:56:44 IST 2010
 XBMC Options: 
 Arch: i686
 Kernel: Linux 2.6.31-21-generic #59-Ubuntu SMP Wed Mar 24 07:28:56 UTC 2010
 Release: 
    Distributor ID:	Ubuntu
    Description:	Ubuntu 9.10
    Release:	9.10
    Codename:	karmic
############## END SYSTEM INFO ##############

############### STACK TRACE #################
=====>  Core file: /home/sh1n0b1/.xbmc/plugins/video/Django3/core
        ========================================= 
[New Thread 25788]
Core was generated by `/usr/share/xbmc/xbmc.bin'.
Program terminated with signal 11, Segmentation fault.
#0  0x00000000 in ?? ()

Thread 2 (Thread 25788):
#0  0x002e7422 in __kernel_vsyscall ()
#1  0x015f1d96 in poll () from /lib/tls/i686/cmov/libc.so.6
#2  0x009152de in ?? () from /usr/lib/libavahi-common.so.3
#3  0x00913a3d in avahi_simple_poll_run () from /usr/lib/libavahi-common.so.3
#4  0x009142d0 in avahi_simple_poll_iterate () from /usr/lib/libavahi-common.so.3
#5  0x00914320 in avahi_simple_poll_loop () from /usr/lib/libavahi-common.so.3
#6  0x009150cb in ?? () from /usr/lib/libavahi-common.so.3
#7  0x00cf480e in start_thread () from /lib/tls/i686/cmov/libpthread.so.0
#8  0x015ffa0e in clone () from /lib/tls/i686/cmov/libc.so.6

Thread 1 (Thread 25771):
#0  0x00000000 in ?? ()
#1  0x7fffffff in ?? ()
=====>  Core file: /home/sh1n0b1/.xbmc/plugins/video/Django2/django/core
        ========================================= 
############# END STACK TRACE ###############

################# LOG FILE ##################

22:55:48 T:3077625712 M:2275266560   ERROR: Failed to create common scripts symlink.
22:55:48 T:3077625712 M:2275266560  NOTICE: -----------------------------------------------------------------------
22:55:48 T:3077625712 M:2275266560  NOTICE: Starting XBMC, Platform: GNU/Linux.  Built on Dec 24 2009 (SVN:26018)
22:55:48 T:3077625712 M:2275266560  NOTICE: special://xbmc/ is mapped to: /usr/share/xbmc
22:55:48 T:3077625712 M:2275266560  NOTICE: special://masterprofile/ is mapped to: /home/sh1n0b1/.xbmc/userdata
22:55:48 T:3077625712 M:2275266560  NOTICE: special://home/ is mapped to: /home/sh1n0b1/.xbmc
22:55:48 T:3077625712 M:2275266560  NOTICE: special://temp/ is mapped to: /home/sh1n0b1/.xbmc/temp
22:55:48 T:3077625712 M:2275266560  NOTICE: The executable running is: /usr/lib/xbmc/xbmc.bin
22:55:48 T:3077625712 M:2275266560  NOTICE: Log File is located: /home/sh1n0b1/.xbmc/temp/xbmc.log
22:55:48 T:3077625712 M:2275266560  NOTICE: -----------------------------------------------------------------------
22:55:48 T:3077625712 M:2274885632  NOTICE: Setup SDL
22:55:49 T:3077625712 M:2274123776  NOTICE: load settings...
22:55:49 T:3077625712 M:2274123776  NOTICE: special://profile/ is mapped to: special://masterprofile/
22:55:49 T:3077625712 M:2274123776  NOTICE: loading special://masterprofile/guisettings.xml
22:55:49 T:3077625712 M:2274123776  NOTICE: Getting hardware information now...
22:55:49 T:3077625712 M:2274123776  NOTICE: Checking resolution 12
22:55:49 T:3077625712 M:2274123776  NOTICE: Loading player core factory settings from special://xbmc/system/playercorefactory.xml.
22:55:49 T:3077625712 M:2274123776  NOTICE: Loaded playercorefactory configuration
22:55:49 T:3077625712 M:2274123776  NOTICE: Loading player core factory settings from special://masterprofile/playercorefactory.xml.
22:55:49 T:3077625712 M:2274123776  NOTICE: special://masterprofile/playercorefactory.xml does not exist. Skipping.
22:55:49 T:3077625712 M:2274123776  NOTICE: No advancedsettings.xml to load (special://masterprofile/advancedsettings.xml)
22:55:49 T:3077625712 M:2274123776  NOTICE: Default DVD Player: dvdplayer
22:55:49 T:3077625712 M:2274123776  NOTICE: Default Video Player: dvdplayer
22:55:49 T:3077625712 M:2274123776  NOTICE: Default Audio Player: paplayer
22:55:49 T:3077625712 M:2274123776  NOTICE: special://masterprofile/sources.xml
22:55:53 T:3077625712 M:2232852480  NOTICE: Using fbConfig[0]
22:55:53 T:3077625712 M:2230620160  NOTICE: GL_VENDOR = ATI Technologies Inc.
22:55:53 T:3077625712 M:2230620160  NOTICE: GL_RENDERER = ATI Mobility Radeon HD 3400 Series
22:55:53 T:3077625712 M:2230620160  NOTICE: GL_VERSION = 2.1.9016
22:55:53 T:3077625712 M:2230620160  NOTICE: GL_EXTENSIONS = GL_AMD_draw_buffers_blend GL_AMD_performance_monitor GL_ARB_color_buffer_float GL_ARB_copy_buffer GL_ARB_depth_buffer_float GL_ARB_depth_texture GL_ARB_draw_buffers GL_ARB_draw_buffers_blend GL_ARB_draw_instanced GL_ARB_fragment_program GL_ARB_fragment_program_shadow GL_ARB_fragment_shader GL_ARB_framebuffer_object GL_ARB_framebuffer_sRGB GL_ARB_geometry_shader4 GL_ARB_half_float_pixel GL_ARB_half_float_vertex GL_ARB_instanced_arrays GL_ARB_map_buffer_range GL_ARB_multisample GL_ARB_multitexture GL_ARB_occlusion_query GL_ARB_pixel_buffer_object GL_ARB_point_parameters GL_ARB_point_sprite GL_ARB_provoking_vertex GL_ARB_shader_objects GL_ARB_shader_texture_lod GL_ARB_shading_language_100 GL_ARB_shadow GL_ARB_shadow_ambient GL_ARB_texture_border_clamp GL_ARB_texture_buffer_object GL_ARB_texture_compression GL_ARB_texture_compression_rgtc GL_ARB_texture_cube_map GL_ARB_texture_env_add GL_ARB_texture_env_combine GL_ARB_texture_env_crossbar GL_ARB_texture_env_dot3 GL_ARB_texture_float GL_ARB_texture_mirrored_repeat GL_ARB_texture_non_power_of_two GL_ARB_texture_rectangle GL_ARB_texture_rg GL_ARB_texture_snorm GL_ARB_transpose_matrix GL_ARB_uniform_buffer_object GL_ARB_vertex_array_object GL_ARB_vertex_buffer_object GL_ARB_vertex_program GL_ARB_vertex_shader GL_ARB_window_pos GL_ATI_draw_buffers GL_ATI_envmap_bumpmap GL_ATI_fragment_shader GL_ATI_meminfo GL_ATI_separate_stencil GL_ATI_texture_compression_3dc GL_ATI_texture_env_combine3 GL_ATI_texture_float GL_ATI_texture_mirror_once GL_EXT_abgr GL_EXT_bgra GL_EXT_bindable_uniform GL_EXT_blend_color GL_EXT_blend_equation_separate GL_EXT_blend_func_separate GL_EXT_blend_minmax GL_EXT_blend_subtract GL_EXT_compiled_vertex_array GL_EXT_copy_buffer GL_EXT_copy_texture GL_EXT_draw_buffers2 GL_EXT_draw_instanced GL_EXT_draw_range_elements GL_EXT_fog_coord GL_EXT_framebuffer_blit GL_EXT_framebuffer_multisample GL_EXT_framebuffer_object GL_EXT_framebuffer_sRGB GL_EXT_geometry_shader4 GL_EXT_gpu_program_parameters GL_EXT_gpu_shader4 GL_EXT_multi_draw_arrays GL_EXT_packed_depth_stencil GL_EXT_packed_float GL_EXT_packed_pixels GL_EXT_pixel_buffer_object GL_EXT_point_parameters GL_EXT_provoking_vertex GL_EXT_rescale_normal GL_EXT_secondary_color GL_EXT_separate_specular_color GL_EXT_shadow_funcs GL_EXT_stencil_wrap GL_EXT_subtexture GL_EXT_texgen_reflection GL_EXT_texture3D GL_EXT_texture_array GL_EXT_texture_buffer_object GL_EXT_texture_compression_latc GL_EXT_texture_compression_rgtc GL_EXT_texture_compression_s3tc GL_EXT_texture_cube_map GL_EXT_texture_edge_clamp GL_EXT_texture_env_add GL_EXT_texture_env_combine GL_EXT_texture_env_dot3 GL_EXT_texture_filter_anisotropic GL_EXT_texture_integer GL_EXT_texture_lod GL_EXT_texture_lod_bias GL_EXT_texture_mirror_clamp GL_EXT_texture_object GL_EXT_texture_rectangle GL_EXT_texture_sRGB GL_EXT_texture_shared_exponent GL_EXT_texture_snorm GL_EXT_texture_swizzle GL_EXT_transform_feedback GL_EXT_vertex_array GL_EXT_vertex_array_bgra GL_IBM_texture_mirrored_repeat GL_KTX_buffer_region GL_NV_blend_square GL_NV_conditional_render GL_NV_copy_depth_to_color GL_NV_explicit_multisample GL_NV_primitive_restart GL_NV_texgen_reflection GL_SGIS_generate_mipmap GL_SGIS_texture_edge_clamp GL_SGIS_texture_lod GL_SUN_multi_draw_arrays GL_WIN_swap_hint WGL_EXT_swap_control
22:55:53 T:3077625712 M:2230620160   ERROR: GLX: Same window as before, refreshing context
22:55:53 T:3077625712 M:2229985280  NOTICE: DeviceKit.Disks: Added /host
22:55:53 T:3077625712 M:2229985280  NOTICE: DeviceKit.Disks: Added /media/OS
22:55:53 T:3077625712 M:2229985280  NOTICE: start dvd mediatype detection
22:55:53 T:3077625712 M:2229985280  NOTICE: initializing playlistplayer
22:55:53 T:3077625712 M:2229985280  NOTICE: DONE initializing playlistplayer
22:55:53 T:3077625712 M:2229985280  NOTICE: load default skin:[Confluence]
22:55:54 T:3077625712 M:2219065344  NOTICE: initialize done
22:55:54 T:3077625712 M:2219065344  NOTICE: Running the application...
22:55:54 T:3077625712 M:2219065344  NOTICE: ES: Starting event server
22:55:54 T:3077625712 M:2219065344  NOTICE: DS: Starting dbus server
22:55:54 T:2932460400 M:2220081152  NOTICE: ES: Starting UDP Event server on 127.0.0.1:9777
22:55:54 T:2932460400 M:2220081152  NOTICE: UDP: Listening on port 9777
22:55:54 T:3077625712 M:2227191808   ERROR:  DS: Failed to connect to the D-Bus session daemon: Empty address ''
22:55:54 T:3077625712 M:2227318784  NOTICE: starting zeroconf publishing
22:55:57 T:3077625712 M:2224177152   ERROR: Unable to load: special://home/plugins/video/Django3/resources/settings.xml, Line 0
                                            Failed to open file
22:55:57 T:2880424816 M:2223448064  NOTICE: -->Python Interpreter Initialized<--
12:25:58 T:2880424816 M:2218651648  NOTICE: ############### mode = None
12:26:01 T:3077625712 M:2217660416   ERROR: Unable to load: special://home/plugins/video/Django3/resources/settings.xml, Line 0
                                            Failed to open file
12:26:02 T:2880424816 M:2217660416  NOTICE: -->Python Interpreter Initialized<--
12:26:03 T:2880424816 M:2216869888  NOTICE: ############### mode = 2
12:26:03 T:2915674992 M:2212642816  NOTICE: CDVDVideoCodecFFmpeg::Open() Using codec: H.264 / AVC / MPEG-4 AVC / MPEG-4 part 10
12:26:03 T:2915674992 M:2213277696  NOTICE: CDVDVideoCodecFFmpeg::Open() Using codec: H.264 / AVC / MPEG-4 AVC / MPEG-4 part 10
12:26:09 T:3077625712 M:2211852288  NOTICE: DVDPlayer: Opening: /media/OS/MOVIES/TV-SERIES/django_upload/random_video/Nachde_Punjabi.flv
12:26:09 T:3077625712 M:2211852288 WARNING: CDVDMessageQueue(player)::Put MSGQ_NOT_INITIALIZED
12:26:09 T:2872032112 M:2211852288  NOTICE: Creating InputStream
12:26:09 T:2872032112 M:2211852288  NOTICE: Creating Demuxer
12:26:09 T:2872032112 M:2211852288  NOTICE: Opening video stream: 0 source: 256
12:26:09 T:2872032112 M:2211852288  NOTICE: Creating video codec with codec id: 28
12:26:09 T:2872032112 M:2211852288  NOTICE: CDVDVideoCodecFFmpeg::Open() Creating VDPAU(450x360)
12:26:09 T:2872032112 M:2211852288  NOTICE: (VDPAU) unable to get handle to libvdpau
12:26:09 T:2872032112 M:2211852288  NOTICE: CDVDVideoCodecFFmpeg::Open() Failed to get VDPAU device
12:26:09 T:2872032112 M:2211852288  NOTICE:  (VDPAU) ~CVDPAU
12:26:09 T:2872032112 M:2211852288  NOTICE: CDVDVideoCodecFFmpeg::Open() Using codec: H.264 / AVC / MPEG-4 AVC / MPEG-4 part 10
12:26:09 T:2872032112 M:2211725312  NOTICE: Creating video thread
12:26:09 T:2872032112 M:2211725312  NOTICE: Opening audio stream: 1 source: 256
12:26:09 T:2872032112 M:2211725312  NOTICE: Finding audio codec for: 86018
12:26:09 T:2846854000 M:2211725312  NOTICE: running thread: video_thread
12:26:09 T:2872032112 M:2211778560  NOTICE: Creating audio thread
12:26:09 T:2838461296 M:2211778560  NOTICE: running thread: CDVDPlayerAudio::Process()
12:26:09 T:2838461296 M:2211778560  NOTICE: Creating audio device with codec id: 86018, channels: 2, sample rate: 44100, no pass-through
12:26:09 T:2846854000 M:2211143680  NOTICE:  fps: 25.000000, pwidth: 450, pheight: 360, dwidth: 448, dheight: 360
12:26:09 T:2846854000 M:2211143680  NOTICE: Display resolution DESKTOP : 1280x800 @ 59.99 - Full Screen (12)
12:26:10 T:3077625712 M:2205667328  NOTICE: Using GL_TEXTURE_2D
12:26:10 T:3077625712 M:2205745152  NOTICE: GL: Selecting Single Pass YUV 2 RGB shader
12:26:10 T:3077625712 M:2207268864  NOTICE: GL: NPOT texture support detected
12:26:23 T:3077625712 M:2204413952  NOTICE: CDVDPlayer::CloseFile()
12:26:23 T:3077625712 M:2204413952  NOTICE: DVDPlayer: waiting for threads to exit
12:26:23 T:2872032112 M:2204413952  NOTICE: CDVDPlayer::OnExit()
12:26:23 T:2872032112 M:2204413952  NOTICE: DVDPlayer: closing audio stream
12:26:23 T:2872032112 M:2204413952  NOTICE: Closing audio stream
12:26:23 T:2872032112 M:2204413952  NOTICE: Waiting for audio thread to exit
12:26:23 T:2838461296 M:2204413952   ERROR: AddPackets - failed to add leftover bytes to render
12:26:23 T:2838461296 M:2204413952  NOTICE: thread end: CDVDPlayerAudio::OnExit()
12:26:23 T:2872032112 M:2204413952  NOTICE: Closing audio device
12:26:23 T:2872032112 M:2204413952  NOTICE: Deleting audio codec
12:26:23 T:2872032112 M:2204413952  NOTICE: DVDPlayer: closing video stream
12:26:23 T:2872032112 M:2204413952  NOTICE: Closing video stream
12:26:23 T:2872032112 M:2204413952  NOTICE: waiting for video thread to exit
12:26:23 T:2846854000 M:2204413952  NOTICE: thread end: video_thread
12:26:23 T:2872032112 M:2204540928  NOTICE: deleting video codec
12:26:23 T:2872032112 M:2204667904  NOTICE: CDVDPlayer::OnExit() deleting demuxer
12:26:23 T:2872032112 M:2204667904  NOTICE: CDVDPlayer::OnExit() deleting input stream
12:26:23 T:3077625712 M:2204667904  NOTICE: DVDPlayer: finished waiting
12:26:23 T:3077625712 M:2204667904  NOTICE: CDVDPlayer::CloseFile()
12:26:23 T:3077625712 M:2204667904 WARNING: CDVDMessageQueue(player)::Put MSGQ_NOT_INITIALIZED
12:26:23 T:3077625712 M:2204667904  NOTICE: DVDPlayer: waiting for threads to exit
12:26:23 T:3077625712 M:2204667904  NOTICE: DVDPlayer: finished waiting
12:26:27 T:3077625712 M:2207121408   ERROR: Unable to load: special://home/plugins/video/Django3/resources/settings.xml, Line 0
                                            Failed to open file
12:26:27 T:2863639408 M:2206994432  NOTICE: -->Python Interpreter Initialized<--
12:26:28 T:2863639408 M:2204078080  NOTICE: ############### mode = 1
12:26:28 T:2897210224 M:2202808320  NOTICE: CDVDVideoCodecFFmpeg::Open() Using codec: Flash Video (FLV)
12:26:28 T:2897210224 M:2202173440  NOTICE: CDVDVideoCodecFFmpeg::Open() Using codec: Flash Video (FLV)
12:26:33 T:3077625712 M:2203250688  NOTICE: DVDPlayer: Opening: /media/OS/MOVIES/TV-SERIES/django_upload/course_video/Jim_Carrey_Funny_Video_SNL.flv
12:26:33 T:3077625712 M:2203250688 WARNING: CDVDMessageQueue(player)::Put MSGQ_NOT_INITIALIZED
12:26:33 T:2943347568 M:2203250688  NOTICE: Creating InputStream
12:26:33 T:2943347568 M:2203250688  NOTICE: Creating Demuxer
12:26:33 T:2943347568 M:2203250688  NOTICE: Opening video stream: 0 source: 256
12:26:33 T:2943347568 M:2203250688  NOTICE: Creating video codec with codec id: 22
12:26:33 T:2943347568 M:2203250688  NOTICE: CDVDVideoCodecFFmpeg::Open() Using codec: Flash Video (FLV)
12:26:33 T:2943347568 M:2203250688  NOTICE: Creating video thread
12:26:33 T:2943347568 M:2203250688  NOTICE: Opening audio stream: 1 source: 256
12:26:33 T:2943347568 M:2203250688  NOTICE: Finding audio codec for: 86017
12:26:33 T:2880424816 M:2203250688  NOTICE: running thread: video_thread
12:26:33 T:2943347568 M:2203250688  NOTICE: Creating audio thread
12:26:33 T:2846854000 M:2203250688  NOTICE: running thread: CDVDPlayerAudio::Process()
12:26:33 T:2880424816 M:2203250688  NOTICE:  fps: 30.000000, pwidth: 320, pheight: 240, dwidth: 320, dheight: 240
12:26:33 T:2880424816 M:2203250688  NOTICE: Display resolution DESKTOP : 1280x800 @ 59.99 - Full Screen (12)
12:26:33 T:2846854000 M:2203123712  NOTICE: Creating audio device with codec id: 86017, channels: 1, sample rate: 22050, no pass-through
12:26:34 T:3077625712 M:2198913024  NOTICE: Using GL_TEXTURE_2D
12:26:34 T:3077625712 M:2194214912  NOTICE: GL: Selecting Single Pass YUV 2 RGB shader
12:26:34 T:3077625712 M:2194214912  NOTICE: GL: NPOT texture support detected
12:26:37 T:3077625712 M:2193326080  NOTICE: CDVDPlayer::CloseFile()
12:26:37 T:3077625712 M:2193326080  NOTICE: DVDPlayer: waiting for threads to exit
12:26:37 T:2943347568 M:2193326080  NOTICE: CDVDPlayer::OnExit()
12:26:37 T:2943347568 M:2193326080  NOTICE: DVDPlayer: closing audio stream
12:26:37 T:2943347568 M:2193326080  NOTICE: Closing audio stream
12:26:37 T:2943347568 M:2193326080  NOTICE: Waiting for audio thread to exit
12:26:37 T:2846854000 M:2193326080   ERROR: AddPackets - failed to add leftover bytes to render
12:26:37 T:2846854000 M:2193326080  NOTICE: thread end: CDVDPlayerAudio::OnExit()
12:26:37 T:2943347568 M:2193326080  NOTICE: Closing audio device
12:26:37 T:2943347568 M:2193326080  NOTICE: Deleting audio codec
12:26:37 T:2943347568 M:2193326080  NOTICE: DVDPlayer: closing video stream
12:26:37 T:2943347568 M:2193326080  NOTICE: Closing video stream
12:26:37 T:2943347568 M:2193326080  NOTICE: waiting for video thread to exit
12:26:37 T:2880424816 M:2193326080  NOTICE: thread end: video_thread
12:26:37 T:2943347568 M:2193326080  NOTICE: deleting video codec
12:26:37 T:2943347568 M:2193326080  NOTICE: CDVDPlayer::OnExit() deleting demuxer
12:26:37 T:2943347568 M:2193326080  NOTICE: CDVDPlayer::OnExit() deleting input stream
12:26:37 T:3077625712 M:2193326080  NOTICE: DVDPlayer: finished waiting
12:26:37 T:3077625712 M:2193326080  NOTICE: CDVDPlayer::CloseFile()
12:26:37 T:3077625712 M:2193326080 WARNING: CDVDMessageQueue(player)::Put MSGQ_NOT_INITIALIZED
12:26:37 T:3077625712 M:2193326080  NOTICE: DVDPlayer: waiting for threads to exit
12:26:37 T:3077625712 M:2193326080  NOTICE: DVDPlayer: finished waiting
12:26:43 T:3077625712 M:2187304960  NOTICE: Storing total System Uptime
12:26:43 T:3077625712 M:2187304960  NOTICE: Saving settings
12:26:43 T:3077625712 M:2187431936  NOTICE: stop all
12:26:43 T:3077625712 M:2187431936  NOTICE: ES: Stopping event server
12:26:43 T:3077625712 M:2187431936  NOTICE: stopping zeroconf publishing
12:26:43 T:2932460400 M:2187431936  NOTICE: ES: UDP Event server stopped
12:26:43 T:3077625712 M:2187431936  NOTICE: stop dvd detect media
12:26:43 T:3077625712 M:2187431936  NOTICE: stop sap announcement listener
12:26:43 T:3077625712 M:2187431936  NOTICE: clean cached files!
12:26:43 T:3077625712 M:2187431936  NOTICE: unload skin
12:26:43 T:3077625712 M:2188673024  NOTICE: stop python
12:26:43 T:3077625712 M:2188673024  NOTICE: stopped
12:26:43 T:3077625712 M:2188673024  NOTICE: destroy
12:26:43 T:3077625712 M:2188800000  NOTICE: unload sections


############### END LOG FILE ################

############ END XBMC CRASH LOG #############
