############## XBMC CRASH LOG ###############

################ SYSTEM INFO ################
 Date: Sun Jun 13 01:46:49 IST 2010
 XBMC Options: 
 Arch: i686
 Kernel: Linux 2.6.31-21-generic #59-Ubuntu SMP Wed Mar 24 07:28:56 UTC 2010
 Release: 
    Distributor ID:	Ubuntu
    Description:	Ubuntu 9.10
    Release:	9.10
    Codename:	karmic
############## END SYSTEM INFO ##############

############### STACK TRACE #################
=====>  Core file: /home/sh1n0b1/.xbmc/plugins/video/Django3/core
        ========================================= 
[New Thread 26717]
Core was generated by `/usr/share/xbmc/xbmc.bin'.
Program terminated with signal 11, Segmentation fault.
#0  0x00000000 in ?? ()

Thread 2 (Thread 26717):
#0  0x00169422 in __kernel_vsyscall ()
#1  0x02f0fd96 in poll () from /lib/tls/i686/cmov/libc.so.6
#2  0x00c952de in ?? () from /usr/lib/libavahi-common.so.3
#3  0x00c93a3d in avahi_simple_poll_run () from /usr/lib/libavahi-common.so.3
#4  0x00c942d0 in avahi_simple_poll_iterate () from /usr/lib/libavahi-common.so.3
#5  0x00c94320 in avahi_simple_poll_loop () from /usr/lib/libavahi-common.so.3
#6  0x00c950cb in ?? () from /usr/lib/libavahi-common.so.3
#7  0x0015580e in start_thread () from /lib/tls/i686/cmov/libpthread.so.0
#8  0x02f1da0e in clone () from /lib/tls/i686/cmov/libc.so.6

Thread 1 (Thread 26703):
#0  0x00000000 in ?? ()
#1  0x7fffffff in ?? ()
=====>  Core file: /home/sh1n0b1/.xbmc/plugins/video/Django2/django/core
        ========================================= 
############# END STACK TRACE ###############

################# LOG FILE ##################

01:41:47 T:3077707632 M:2295218176   ERROR: Failed to create common scripts symlink.
01:41:47 T:3077707632 M:2295242752  NOTICE: -----------------------------------------------------------------------
01:41:47 T:3077707632 M:2295242752  NOTICE: Starting XBMC, Platform: GNU/Linux.  Built on Dec 24 2009 (SVN:26018)
01:41:47 T:3077707632 M:2295242752  NOTICE: special://xbmc/ is mapped to: /usr/share/xbmc
01:41:47 T:3077707632 M:2295242752  NOTICE: special://masterprofile/ is mapped to: /home/sh1n0b1/.xbmc/userdata
01:41:47 T:3077707632 M:2295242752  NOTICE: special://home/ is mapped to: /home/sh1n0b1/.xbmc
01:41:47 T:3077707632 M:2295242752  NOTICE: special://temp/ is mapped to: /home/sh1n0b1/.xbmc/temp
01:41:47 T:3077707632 M:2295242752  NOTICE: The executable running is: /usr/lib/xbmc/xbmc.bin
01:41:47 T:3077707632 M:2295242752  NOTICE: Log File is located: /home/sh1n0b1/.xbmc/temp/xbmc.log
01:41:47 T:3077707632 M:2295242752  NOTICE: -----------------------------------------------------------------------
01:41:47 T:3077707632 M:2295242752  NOTICE: Setup SDL
01:41:48 T:3077707632 M:2293846016  NOTICE: load settings...
01:41:48 T:3077707632 M:2293846016  NOTICE: special://profile/ is mapped to: special://masterprofile/
01:41:48 T:3077707632 M:2293846016  NOTICE: loading special://masterprofile/guisettings.xml
01:41:48 T:3077707632 M:2293846016  NOTICE: Getting hardware information now...
01:41:48 T:3077707632 M:2293846016  NOTICE: Checking resolution 11
01:41:48 T:3077707632 M:2293846016  NOTICE: Loading player core factory settings from special://xbmc/system/playercorefactory.xml.
01:41:48 T:3077707632 M:2293846016  NOTICE: Loaded playercorefactory configuration
01:41:48 T:3077707632 M:2293846016  NOTICE: Loading player core factory settings from special://masterprofile/playercorefactory.xml.
01:41:48 T:3077707632 M:2293846016  NOTICE: special://masterprofile/playercorefactory.xml does not exist. Skipping.
01:41:48 T:3077707632 M:2293846016  NOTICE: No advancedsettings.xml to load (special://masterprofile/advancedsettings.xml)
01:41:48 T:3077707632 M:2293846016  NOTICE: Default DVD Player: dvdplayer
01:41:48 T:3077707632 M:2293846016  NOTICE: Default Video Player: dvdplayer
01:41:48 T:3077707632 M:2293846016  NOTICE: Default Audio Player: paplayer
01:41:48 T:3077707632 M:2293846016  NOTICE: special://masterprofile/sources.xml
01:41:50 T:3077707632 M:2264354816  NOTICE: Using fbConfig[0]
01:41:50 T:3077707632 M:2262458368  NOTICE: GL_VENDOR = ATI Technologies Inc.
01:41:50 T:3077707632 M:2262458368  NOTICE: GL_RENDERER = ATI Mobility Radeon HD 3400 Series
01:41:50 T:3077707632 M:2262458368  NOTICE: GL_VERSION = 2.1.9016
01:41:50 T:3077707632 M:2262458368  NOTICE: GL_EXTENSIONS = GL_AMD_draw_buffers_blend GL_AMD_performance_monitor GL_ARB_color_buffer_float GL_ARB_copy_buffer GL_ARB_depth_buffer_float GL_ARB_depth_texture GL_ARB_draw_buffers GL_ARB_draw_buffers_blend GL_ARB_draw_instanced GL_ARB_fragment_program GL_ARB_fragment_program_shadow GL_ARB_fragment_shader GL_ARB_framebuffer_object GL_ARB_framebuffer_sRGB GL_ARB_geometry_shader4 GL_ARB_half_float_pixel GL_ARB_half_float_vertex GL_ARB_instanced_arrays GL_ARB_map_buffer_range GL_ARB_multisample GL_ARB_multitexture GL_ARB_occlusion_query GL_ARB_pixel_buffer_object GL_ARB_point_parameters GL_ARB_point_sprite GL_ARB_provoking_vertex GL_ARB_shader_objects GL_ARB_shader_texture_lod GL_ARB_shading_language_100 GL_ARB_shadow GL_ARB_shadow_ambient GL_ARB_texture_border_clamp GL_ARB_texture_buffer_object GL_ARB_texture_compression GL_ARB_texture_compression_rgtc GL_ARB_texture_cube_map GL_ARB_texture_env_add GL_ARB_texture_env_combine GL_ARB_texture_env_crossbar GL_ARB_texture_env_dot3 GL_ARB_texture_float GL_ARB_texture_mirrored_repeat GL_ARB_texture_non_power_of_two GL_ARB_texture_rectangle GL_ARB_texture_rg GL_ARB_texture_snorm GL_ARB_transpose_matrix GL_ARB_uniform_buffer_object GL_ARB_vertex_array_object GL_ARB_vertex_buffer_object GL_ARB_vertex_program GL_ARB_vertex_shader GL_ARB_window_pos GL_ATI_draw_buffers GL_ATI_envmap_bumpmap GL_ATI_fragment_shader GL_ATI_meminfo GL_ATI_separate_stencil GL_ATI_texture_compression_3dc GL_ATI_texture_env_combine3 GL_ATI_texture_float GL_ATI_texture_mirror_once GL_EXT_abgr GL_EXT_bgra GL_EXT_bindable_uniform GL_EXT_blend_color GL_EXT_blend_equation_separate GL_EXT_blend_func_separate GL_EXT_blend_minmax GL_EXT_blend_subtract GL_EXT_compiled_vertex_array GL_EXT_copy_buffer GL_EXT_copy_texture GL_EXT_draw_buffers2 GL_EXT_draw_instanced GL_EXT_draw_range_elements GL_EXT_fog_coord GL_EXT_framebuffer_blit GL_EXT_framebuffer_multisample GL_EXT_framebuffer_object GL_EXT_framebuffer_sRGB GL_EXT_geometry_shader4 GL_EXT_gpu_program_parameters GL_EXT_gpu_shader4 GL_EXT_multi_draw_arrays GL_EXT_packed_depth_stencil GL_EXT_packed_float GL_EXT_packed_pixels GL_EXT_pixel_buffer_object GL_EXT_point_parameters GL_EXT_provoking_vertex GL_EXT_rescale_normal GL_EXT_secondary_color GL_EXT_separate_specular_color GL_EXT_shadow_funcs GL_EXT_stencil_wrap GL_EXT_subtexture GL_EXT_texgen_reflection GL_EXT_texture3D GL_EXT_texture_array GL_EXT_texture_buffer_object GL_EXT_texture_compression_latc GL_EXT_texture_compression_rgtc GL_EXT_texture_compression_s3tc GL_EXT_texture_cube_map GL_EXT_texture_edge_clamp GL_EXT_texture_env_add GL_EXT_texture_env_combine GL_EXT_texture_env_dot3 GL_EXT_texture_filter_anisotropic GL_EXT_texture_integer GL_EXT_texture_lod GL_EXT_texture_lod_bias GL_EXT_texture_mirror_clamp GL_EXT_texture_object GL_EXT_texture_rectangle GL_EXT_texture_sRGB GL_EXT_texture_shared_exponent GL_EXT_texture_snorm GL_EXT_texture_swizzle GL_EXT_transform_feedback GL_EXT_vertex_array GL_EXT_vertex_array_bgra GL_IBM_texture_mirrored_repeat GL_KTX_buffer_region GL_NV_blend_square GL_NV_conditional_render GL_NV_copy_depth_to_color GL_NV_explicit_multisample GL_NV_primitive_restart GL_NV_texgen_reflection GL_SGIS_generate_mipmap GL_SGIS_texture_edge_clamp GL_SGIS_texture_lod GL_SUN_multi_draw_arrays GL_WIN_swap_hint WGL_EXT_swap_control
01:41:50 T:3077707632 M:2262102016  NOTICE: DeviceKit.Disks: Added /host
01:41:50 T:3077707632 M:2262102016  NOTICE: DeviceKit.Disks: Added /media/OS
01:41:50 T:3077707632 M:2262102016  NOTICE: start dvd mediatype detection
01:41:50 T:3077707632 M:2262102016  NOTICE: initializing playlistplayer
01:41:50 T:3077707632 M:2262102016  NOTICE: DONE initializing playlistplayer
01:41:50 T:3077707632 M:2262102016  NOTICE: load default skin:[Confluence]
01:41:51 T:3077707632 M:2258444288  NOTICE: initialize done
01:41:51 T:3077707632 M:2258444288  NOTICE: Running the application...
01:41:51 T:3077707632 M:2258444288  NOTICE: ES: Starting event server
01:41:51 T:2932542320 M:2258444288  NOTICE: ES: Starting UDP Event server on 127.0.0.1:9777
01:41:51 T:3077707632 M:2258444288  NOTICE: DS: Starting dbus server
01:41:51 T:2932542320 M:2258190336  NOTICE: UDP: Listening on port 9777
01:41:51 T:3077707632 M:2257764352   ERROR:  DS: Failed to connect to the D-Bus session daemon: Empty address ''
01:41:51 T:3077707632 M:2257764352  NOTICE: starting zeroconf publishing
01:41:54 T:3077707632 M:2246795264   ERROR: Unable to load: special://home/plugins/video/Django3/resources/settings.xml, Line 0
                                            Failed to open file
01:41:55 T:2879413104 M:2245115904  NOTICE: -->Python Interpreter Initialized<--
15:11:56 T:2879413104 M:2241277952  NOTICE: ['__doc__', '__file__', '__name__', 'accept2dyear', 'altzone', 'asctime', 'clock', 'ctime', 'daylight', 'gmtime', 'localtime', 'mktime', 'sleep', 'strftime', 'strptime', 'struct_time', 'time', 'timezone', 'tzname', 'tzset']
15:11:56 T:2879413104 M:2241277952  NOTICE: Inside mode None or 0.
15:11:57 T:3077707632 M:2241179648   ERROR: Unable to load: special://home/plugins/video/Django3/resources/settings.xml, Line 0
                                            Failed to open file
15:11:57 T:2879413104 M:2241257472  NOTICE: -->Python Interpreter Initialized<--
15:11:58 T:2879413104 M:2239205376  NOTICE: ['__doc__', '__file__', '__name__', 'accept2dyear', 'altzone', 'asctime', 'clock', 'ctime', 'daylight', 'gmtime', 'localtime', 'mktime', 'sleep', 'strftime', 'strptime', 'struct_time', 'time', 'timezone', 'tzname', 'tzset']
15:11:58 T:2879413104 M:2239205376  NOTICE: Inside mode None or 0.
15:12:00 T:3077707632 M:2239639552   ERROR: Unable to load: special://home/plugins/video/Django3/resources/settings.xml, Line 0
                                            Failed to open file
15:12:01 T:2879413104 M:2238652416  NOTICE: -->Python Interpreter Initialized<--
15:12:02 T:2879413104 M:2234793984  NOTICE: ['__doc__', '__file__', '__name__', 'accept2dyear', 'altzone', 'asctime', 'clock', 'ctime', 'daylight', 'gmtime', 'localtime', 'mktime', 'sleep', 'strftime', 'strptime', 'struct_time', 'time', 'timezone', 'tzname', 'tzset']
15:12:02 T:2879413104 M:2234793984  NOTICE: Inside mode None or 0.
15:13:47 T:3077707632 M:2184941568   ERROR: Unable to load: special://home/plugins/video/Django3/resources/settings.xml, Line 0
                                            Failed to open file
15:13:47 T:2907364208 M:2184773632  NOTICE: -->Python Interpreter Initialized<--
15:13:48 T:2907364208 M:2183020544  NOTICE: ['__doc__', '__file__', '__name__', 'accept2dyear', 'altzone', 'asctime', 'clock', 'ctime', 'daylight', 'gmtime', 'localtime', 'mktime', 'sleep', 'strftime', 'strptime', 'struct_time', 'time', 'timezone', 'tzname', 'tzset']
15:13:48 T:2907364208 M:2183020544  NOTICE: Inside mode None or 0.
15:16:08 T:3077707632 M:2157137920   ERROR: Unable to load: special://home/plugins/video/Django3/resources/settings.xml, Line 0
                                            Failed to open file
15:16:08 T:2907364208 M:2156404736  NOTICE: -->Python Interpreter Initialized<--
15:16:09 T:2907364208 M:2155053056  NOTICE: ['__doc__', '__file__', '__name__', 'accept2dyear', 'altzone', 'asctime', 'clock', 'ctime', 'daylight', 'gmtime', 'localtime', 'mktime', 'sleep', 'strftime', 'strptime', 'struct_time', 'time', 'timezone', 'tzname', 'tzset']
15:16:09 T:2907364208 M:2155053056  NOTICE: Inside mode 1.
15:16:09 T:2907364208 M:2154672128   ERROR: dll_fstat64 emulated function failed
15:16:09 T:2907364208 M:2151497728   ERROR: dll_fstat64 emulated function failed
15:16:09 T:2907364208 M:2151497728   ERROR: dll_fstat64 emulated function failed
15:16:09 T:2907364208 M:2151497728   ERROR: dll_fstat64 emulated function failed
15:16:23 T:2907364208 M:2155409408  NOTICE: --------------------------------------------here 
                                            here
15:16:23 T:2907364208 M:2155409408   ERROR: dll_fstat64 emulated function failed
15:16:23 T:2907364208 M:2155409408  NOTICE: ===========================================SearchSearch
15:16:25 T:3077707632 M:2156056576   ERROR: Unable to load: special://home/plugins/video/Django3/resources/settings.xml, Line 0
                                            Failed to open file
15:16:25 T:2907364208 M:2155507712  NOTICE: -->Python Interpreter Initialized<--
15:16:26 T:2907364208 M:2154217472  NOTICE: ['__doc__', '__file__', '__name__', 'accept2dyear', 'altzone', 'asctime', 'clock', 'ctime', 'daylight', 'gmtime', 'localtime', 'mktime', 'sleep', 'strftime', 'strptime', 'struct_time', 'time', 'timezone', 'tzname', 'tzset']
15:16:26 T:2907364208 M:2154217472  NOTICE: Inside mode 2.
15:16:29 T:3077707632 M:2153279488   ERROR: Unable to load: special://home/plugins/video/Django3/resources/settings.xml, Line 0
                                            Failed to open file
15:16:29 T:2907364208 M:2153095168  NOTICE: -->Python Interpreter Initialized<--
15:16:30 T:2907364208 M:2152034304  NOTICE: ['__doc__', '__file__', '__name__', 'accept2dyear', 'altzone', 'asctime', 'clock', 'ctime', 'daylight', 'gmtime', 'localtime', 'mktime', 'sleep', 'strftime', 'strptime', 'struct_time', 'time', 'timezone', 'tzname', 'tzset']
15:16:30 T:2907364208 M:2152034304  NOTICE: Inside mode 4. With name = 9
15:16:31 T:3077707632 M:2150690816  NOTICE: DVDPlayer: Opening: /media/OS/MOVIES/TV-SERIES/django_upload/course_video/L-1_Analysis_of_Algorithms_-_MIT_Mathematics_Lecture.flv
15:16:31 T:3077707632 M:2150690816 WARNING: CDVDMessageQueue(player)::Put MSGQ_NOT_INITIALIZED
15:16:31 T:2915756912 M:2150690816  NOTICE: Creating InputStream
15:16:31 T:2915756912 M:2150715392  NOTICE: Creating Demuxer
15:16:32 T:2915756912 M:2146045952  NOTICE: Opening video stream: 0 source: 256
15:16:32 T:2915756912 M:2146045952  NOTICE: Creating video codec with codec id: 22
15:16:32 T:2915756912 M:2145837056  NOTICE: CDVDVideoCodecFFmpeg::Open() Using codec: Flash Video (FLV)
15:16:32 T:2915756912 M:2145837056  NOTICE: Creating video thread
15:16:32 T:2865757040 M:2145837056  NOTICE: running thread: video_thread
15:16:32 T:2915756912 M:2145837056  NOTICE: Opening audio stream: 1 source: 256
15:16:32 T:2915756912 M:2145837056  NOTICE: Finding audio codec for: 86017
15:16:32 T:2915756912 M:2145988608  NOTICE: Creating audio thread
15:16:32 T:2857364336 M:2145861632  NOTICE: running thread: CDVDPlayerAudio::Process()
15:16:32 T:2865757040 M:2146013184  NOTICE:  fps: 15.000000, pwidth: 320, pheight: 240, dwidth: 320, dheight: 240
15:16:32 T:2865757040 M:2146013184  NOTICE: Display resolution DESKTOP : 1280x800 @ 59.99 - Full Screen (12)
15:16:32 T:2857364336 M:2146013184  NOTICE: Creating audio device with codec id: 86017, channels: 1, sample rate: 22050, no pass-through
15:16:32 T:3077707632 M:2142007296  NOTICE: Using GL_TEXTURE_2D
15:16:33 T:3077707632 M:2142183424  NOTICE: GL: Selecting Single Pass YUV 2 RGB shader
15:16:33 T:3077707632 M:2145787904  NOTICE: GL: NPOT texture support detected
15:16:36 T:3077707632 M:2144636928  NOTICE: CDVDPlayer::CloseFile()
15:16:36 T:3077707632 M:2144636928  NOTICE: DVDPlayer: waiting for threads to exit
15:16:36 T:2915756912 M:2144636928  NOTICE: CDVDPlayer::OnExit()
15:16:36 T:2915756912 M:2144636928  NOTICE: DVDPlayer: closing audio stream
15:16:36 T:2915756912 M:2144636928  NOTICE: Closing audio stream
15:16:36 T:2915756912 M:2144636928  NOTICE: Waiting for audio thread to exit
15:16:36 T:2857364336 M:2144636928  NOTICE: thread end: CDVDPlayerAudio::OnExit()
15:16:36 T:2915756912 M:2144636928  NOTICE: Closing audio device
15:16:36 T:2915756912 M:2144763904  NOTICE: Deleting audio codec
15:16:36 T:2915756912 M:2144763904  NOTICE: DVDPlayer: closing video stream
15:16:36 T:2915756912 M:2144763904  NOTICE: Closing video stream
15:16:36 T:2915756912 M:2144763904  NOTICE: waiting for video thread to exit
15:16:36 T:2865757040 M:2144763904  NOTICE: thread end: video_thread
15:16:36 T:2915756912 M:2144890880  NOTICE: deleting video codec
15:16:36 T:2915756912 M:2144890880  NOTICE: CDVDPlayer::OnExit() deleting demuxer
15:16:36 T:2915756912 M:2144890880  NOTICE: CDVDPlayer::OnExit() deleting input stream
15:16:36 T:3077707632 M:2144890880  NOTICE: DVDPlayer: finished waiting
15:16:36 T:3077707632 M:2145165312  NOTICE: CDVDPlayer::CloseFile()
15:16:36 T:3077707632 M:2145165312 WARNING: CDVDMessageQueue(player)::Put MSGQ_NOT_INITIALIZED
15:16:36 T:3077707632 M:2145165312  NOTICE: DVDPlayer: waiting for threads to exit
15:16:36 T:3077707632 M:2145165312  NOTICE: DVDPlayer: finished waiting
15:16:39 T:3077707632 M:2147151872   ERROR: Unable to load: special://home/plugins/video/Django3/resources/settings.xml, Line 0
                                            Failed to open file
15:16:39 T:3023833968 M:2146783232  NOTICE: -->Python Interpreter Initialized<--
15:16:40 T:3023833968 M:2144309248  NOTICE: ['__doc__', '__file__', '__name__', 'accept2dyear', 'altzone', 'asctime', 'clock', 'ctime', 'daylight', 'gmtime', 'localtime', 'mktime', 'sleep', 'strftime', 'strptime', 'struct_time', 'time', 'timezone', 'tzname', 'tzset']
15:16:40 T:3023833968 M:2144309248  NOTICE: Inside mode 4. With name = 7
15:16:48 T:3077707632 M:2143223808  NOTICE: Storing total System Uptime
15:16:48 T:3077707632 M:2143223808  NOTICE: Saving settings
15:16:48 T:3077707632 M:2143223808  NOTICE: stop all
15:16:48 T:3077707632 M:2143223808  NOTICE: ES: Stopping event server
15:16:48 T:3077707632 M:2143223808  NOTICE: stopping zeroconf publishing
15:16:48 T:2932542320 M:2143186944  NOTICE: ES: UDP Event server stopped
15:16:48 T:3077707632 M:2143186944  NOTICE: stop dvd detect media
15:16:48 T:3077707632 M:2143186944  NOTICE: stop sap announcement listener
15:16:48 T:3077707632 M:2143186944  NOTICE: clean cached files!
15:16:48 T:3077707632 M:2143186944  NOTICE: unload skin
15:16:49 T:3077707632 M:2143948800  NOTICE: stop python
15:16:49 T:3077707632 M:2143948800  NOTICE: stopped
15:16:49 T:3077707632 M:2143948800  NOTICE: destroy
15:16:49 T:3077707632 M:2143948800  NOTICE: unload sections


############### END LOG FILE ################

############ END XBMC CRASH LOG #############
