############## XBMC CRASH LOG ###############

################ SYSTEM INFO ################
 Date: Mon Mar 22 19:47:16 IST 2010
 XBMC Options: 
 Arch: i686
 Kernel: Linux 2.6.31-20-generic #58-Ubuntu SMP Fri Mar 12 05:23:09 UTC 2010
 Release: 
    Distributor ID:	Ubuntu
    Description:	Ubuntu 9.10
    Release:	9.10
    Codename:	karmic
############## END SYSTEM INFO ##############

############### STACK TRACE #################
=====>  Core file: /home/sh1n0b1/.xbmc/plugins/video/Django2/core
        ========================================= 
[New Thread 5255]
Core was generated by `/usr/share/xbmc/xbmc.bin'.
Program terminated with signal 11, Segmentation fault.
#0  0x00000000 in ?? ()

Thread 2 (Thread 5255):
#0  0x00191422 in __kernel_vsyscall ()
#1  0x066aec96 in poll () from /lib/tls/i686/cmov/libc.so.6
#2  0x00e8e2de in ?? () from /usr/lib/libavahi-common.so.3
#3  0x00e8ca3d in avahi_simple_poll_run () from /usr/lib/libavahi-common.so.3
#4  0x00e8d2d0 in avahi_simple_poll_iterate () from /usr/lib/libavahi-common.so.3
#5  0x00e8d320 in avahi_simple_poll_loop () from /usr/lib/libavahi-common.so.3
#6  0x00e8e0cb in ?? () from /usr/lib/libavahi-common.so.3
#7  0x0019780e in start_thread () from /lib/tls/i686/cmov/libpthread.so.0
#8  0x066bc8de in clone () from /lib/tls/i686/cmov/libc.so.6

Thread 1 (Thread 5242):
#0  0x00000000 in ?? ()
#1  0x7fffffff in ?? ()
############# END STACK TRACE ###############

################# LOG FILE ##################

19:46:31 T:3078121328 M:2789523456   ERROR: Failed to create common scripts symlink.
19:46:31 T:3078121328 M:2789523456  NOTICE: -----------------------------------------------------------------------
19:46:31 T:3078121328 M:2789523456  NOTICE: Starting XBMC, Platform: GNU/Linux.  Built on Dec 24 2009 (SVN:26018)
19:46:31 T:3078121328 M:2789523456  NOTICE: special://xbmc/ is mapped to: /usr/share/xbmc
19:46:31 T:3078121328 M:2789523456  NOTICE: special://masterprofile/ is mapped to: /home/sh1n0b1/.xbmc/userdata
19:46:31 T:3078121328 M:2789523456  NOTICE: special://home/ is mapped to: /home/sh1n0b1/.xbmc
19:46:31 T:3078121328 M:2789523456  NOTICE: special://temp/ is mapped to: /home/sh1n0b1/.xbmc/temp
19:46:31 T:3078121328 M:2789523456  NOTICE: The executable running is: /usr/lib/xbmc/xbmc.bin
19:46:31 T:3078121328 M:2789523456  NOTICE: Log File is located: /home/sh1n0b1/.xbmc/temp/xbmc.log
19:46:31 T:3078121328 M:2789523456  NOTICE: -----------------------------------------------------------------------
19:46:31 T:3078121328 M:2789269504  NOTICE: Setup SDL
19:46:31 T:3078121328 M:2788634624  NOTICE: load settings...
19:46:31 T:3078121328 M:2788634624  NOTICE: special://profile/ is mapped to: special://masterprofile/
19:46:31 T:3078121328 M:2788634624  NOTICE: loading special://masterprofile/guisettings.xml
19:46:31 T:3078121328 M:2788507648  NOTICE: Getting hardware information now...
19:46:31 T:3078121328 M:2788507648  NOTICE: Checking resolution 12
19:46:31 T:3078121328 M:2788507648  NOTICE: Loading player core factory settings from special://xbmc/system/playercorefactory.xml.
19:46:31 T:3078121328 M:2788507648  NOTICE: Loaded playercorefactory configuration
19:46:31 T:3078121328 M:2788507648  NOTICE: Loading player core factory settings from special://masterprofile/playercorefactory.xml.
19:46:31 T:3078121328 M:2788507648  NOTICE: special://masterprofile/playercorefactory.xml does not exist. Skipping.
19:46:31 T:3078121328 M:2788507648  NOTICE: No advancedsettings.xml to load (special://masterprofile/advancedsettings.xml)
19:46:31 T:3078121328 M:2788507648  NOTICE: Default DVD Player: dvdplayer
19:46:31 T:3078121328 M:2788507648  NOTICE: Default Video Player: dvdplayer
19:46:31 T:3078121328 M:2788507648  NOTICE: Default Audio Player: paplayer
19:46:31 T:3078121328 M:2788507648  NOTICE: special://masterprofile/sources.xml
19:46:36 T:3078121328 M:2750365696  NOTICE: Using fbConfig[0]
19:46:36 T:3078121328 M:2748006400  NOTICE: GL_VENDOR = ATI Technologies Inc.
19:46:36 T:3078121328 M:2748006400  NOTICE: GL_RENDERER = ATI Mobility Radeon HD 3400 Series
19:46:36 T:3078121328 M:2748006400  NOTICE: GL_VERSION = 2.1.9016
19:46:36 T:3078121328 M:2748006400  NOTICE: GL_EXTENSIONS = GL_AMD_draw_buffers_blend GL_AMD_performance_monitor GL_ARB_color_buffer_float GL_ARB_copy_buffer GL_ARB_depth_buffer_float GL_ARB_depth_texture GL_ARB_draw_buffers GL_ARB_draw_buffers_blend GL_ARB_draw_instanced GL_ARB_fragment_program GL_ARB_fragment_program_shadow GL_ARB_fragment_shader GL_ARB_framebuffer_object GL_ARB_framebuffer_sRGB GL_ARB_geometry_shader4 GL_ARB_half_float_pixel GL_ARB_half_float_vertex GL_ARB_instanced_arrays GL_ARB_map_buffer_range GL_ARB_multisample GL_ARB_multitexture GL_ARB_occlusion_query GL_ARB_pixel_buffer_object GL_ARB_point_parameters GL_ARB_point_sprite GL_ARB_provoking_vertex GL_ARB_shader_objects GL_ARB_shader_texture_lod GL_ARB_shading_language_100 GL_ARB_shadow GL_ARB_shadow_ambient GL_ARB_texture_border_clamp GL_ARB_texture_buffer_object GL_ARB_texture_compression GL_ARB_texture_compression_rgtc GL_ARB_texture_cube_map GL_ARB_texture_env_add GL_ARB_texture_env_combine GL_ARB_texture_env_crossbar GL_ARB_texture_env_dot3 GL_ARB_texture_float GL_ARB_texture_mirrored_repeat GL_ARB_texture_non_power_of_two GL_ARB_texture_rectangle GL_ARB_texture_rg GL_ARB_texture_snorm GL_ARB_transpose_matrix GL_ARB_uniform_buffer_object GL_ARB_vertex_array_object GL_ARB_vertex_buffer_object GL_ARB_vertex_program GL_ARB_vertex_shader GL_ARB_window_pos GL_ATI_draw_buffers GL_ATI_envmap_bumpmap GL_ATI_fragment_shader GL_ATI_meminfo GL_ATI_separate_stencil GL_ATI_texture_compression_3dc GL_ATI_texture_env_combine3 GL_ATI_texture_float GL_ATI_texture_mirror_once GL_EXT_abgr GL_EXT_bgra GL_EXT_bindable_uniform GL_EXT_blend_color GL_EXT_blend_equation_separate GL_EXT_blend_func_separate GL_EXT_blend_minmax GL_EXT_blend_subtract GL_EXT_compiled_vertex_array GL_EXT_copy_buffer GL_EXT_copy_texture GL_EXT_draw_buffers2 GL_EXT_draw_instanced GL_EXT_draw_range_elements GL_EXT_fog_coord GL_EXT_framebuffer_blit GL_EXT_framebuffer_multisample GL_EXT_framebuffer_object GL_EXT_framebuffer_sRGB GL_EXT_geometry_shader4 GL_EXT_gpu_program_parameters GL_EXT_gpu_shader4 GL_EXT_multi_draw_arrays GL_EXT_packed_depth_stencil GL_EXT_packed_float GL_EXT_packed_pixels GL_EXT_pixel_buffer_object GL_EXT_point_parameters GL_EXT_provoking_vertex GL_EXT_rescale_normal GL_EXT_secondary_color GL_EXT_separate_specular_color GL_EXT_shadow_funcs GL_EXT_stencil_wrap GL_EXT_subtexture GL_EXT_texgen_reflection GL_EXT_texture3D GL_EXT_texture_array GL_EXT_texture_buffer_object GL_EXT_texture_compression_latc GL_EXT_texture_compression_rgtc GL_EXT_texture_compression_s3tc GL_EXT_texture_cube_map GL_EXT_texture_edge_clamp GL_EXT_texture_env_add GL_EXT_texture_env_combine GL_EXT_texture_env_dot3 GL_EXT_texture_filter_anisotropic GL_EXT_texture_integer GL_EXT_texture_lod GL_EXT_texture_lod_bias GL_EXT_texture_mirror_clamp GL_EXT_texture_object GL_EXT_texture_rectangle GL_EXT_texture_sRGB GL_EXT_texture_shared_exponent GL_EXT_texture_snorm GL_EXT_texture_swizzle GL_EXT_transform_feedback GL_EXT_vertex_array GL_EXT_vertex_array_bgra GL_IBM_texture_mirrored_repeat GL_KTX_buffer_region GL_NV_blend_square GL_NV_conditional_render GL_NV_copy_depth_to_color GL_NV_explicit_multisample GL_NV_primitive_restart GL_NV_texgen_reflection GL_SGIS_generate_mipmap GL_SGIS_texture_edge_clamp GL_SGIS_texture_lod GL_SUN_multi_draw_arrays GL_WIN_swap_hint WGL_EXT_swap_control
19:46:36 T:3078121328 M:2748006400   ERROR: GLX: Same window as before, refreshing context
19:46:36 T:3078121328 M:2747625472  NOTICE: DeviceKit.Disks: Added /host
19:46:36 T:3078121328 M:2747625472  NOTICE: start dvd mediatype detection
19:46:36 T:3078121328 M:2747625472  NOTICE: initializing playlistplayer
19:46:36 T:3078121328 M:2747625472  NOTICE: DONE initializing playlistplayer
19:46:36 T:3078121328 M:2747625472  NOTICE: load default skin:[Confluence]
19:46:36 T:3078121328 M:2743242752  NOTICE: initialize done
19:46:36 T:3078121328 M:2743242752  NOTICE: Running the application...
19:46:36 T:3078121328 M:2743242752  NOTICE: ES: Starting event server
19:46:36 T:3078121328 M:2743242752  NOTICE: DS: Starting dbus server
19:46:36 T:2932956016 M:2743242752  NOTICE: ES: Starting UDP Event server on 127.0.0.1:9777
19:46:36 T:2932956016 M:2743242752  NOTICE: UDP: Listening on port 9777
19:46:36 T:2916170608 M:2743242752  NOTICE: DS: Starting DBUS server in Run Application aka thread
19:46:36 T:3078121328 M:2743242752  NOTICE: starting zeroconf publishing
19:46:43 T:3078121328 M:2734637056   ERROR: Unable to load: special://home/plugins/video/Django2/resources/settings.xml, Line 0
                                            Failed to open file
19:46:43 T:2879830896 M:2735398912  NOTICE: -->Python Interpreter Initialized<--
19:46:43 T:2879830896 M:2735398912  NOTICE: asdfplugin://video/Django2/--0--
19:46:43 T:2879830896 M:2735398912  NOTICE: zxcv:::/home/sh1n0b1/.xbmc/plugins/Django2/
19:46:43 T:2888223600 M:2735398912   ERROR: GetDirectory - Error getting /home/sh1n0b1/.xbmc/plugins/Django2/
19:46:43 T:2896616304 M:2730815488  NOTICE: CDVDVideoCodecFFmpeg::Open() Using codec: MPEG-4 part 2
19:46:47 T:3078121328 M:2730467328   ERROR: Unable to load: special://home/plugins/video/Django2/resources/settings.xml, Line 0
                                            Failed to open file
19:46:47 T:2879830896 M:2730078208  NOTICE: -->Python Interpreter Initialized<--
19:46:47 T:2879830896 M:2730078208  NOTICE: asdfplugin://video/Django2/--0--
19:46:47 T:2879830896 M:2730078208  NOTICE: zxcv:::/home/sh1n0b1/.xbmc/plugins/Django2/
19:46:47 T:2888223600 M:2730078208   ERROR: GetDirectory - Error getting /home/sh1n0b1/.xbmc/plugins/Django2/
19:46:51 T:3078121328 M:2729455616  NOTICE: DVDPlayer: Opening: /home/sh1n0b1/Downloads/Videos/0326shashi2_withtext.avi
19:46:51 T:3078121328 M:2729455616 WARNING: CDVDMessageQueue(player)::Put MSGQ_NOT_INITIALIZED
19:46:51 T:2871438192 M:2729328640  NOTICE: Creating InputStream
19:46:51 T:2871438192 M:2729328640  NOTICE: Creating Demuxer
19:46:51 T:2871438192 M:2729074688  NOTICE: Opening video stream: 0 source: 256
19:46:51 T:2871438192 M:2729074688  NOTICE: Creating video codec with codec id: 13
19:46:51 T:2871438192 M:2729074688  NOTICE: CDVDVideoCodecFFmpeg::Open() Using codec: MPEG-4 part 2
19:46:51 T:2871438192 M:2728947712  NOTICE: Creating video thread
19:46:51 T:2871438192 M:2728947712  NOTICE: Opening audio stream: 1 source: 256
19:46:51 T:2846260080 M:2728947712  NOTICE: running thread: video_thread
19:46:51 T:2871438192 M:2728947712  NOTICE: Finding audio codec for: 86017
19:46:51 T:2871438192 M:2728947712  NOTICE: Creating audio thread
19:46:51 T:2837867376 M:2728947712  NOTICE: running thread: CDVDPlayerAudio::Process()
19:46:51 T:2837867376 M:2727694336  NOTICE: Creating audio device with codec id: 86017, channels: 1, sample rate: 24000, no pass-through
19:46:51 T:2846260080 M:2727694336  NOTICE:  fps: 10.000000, pwidth: 720, pheight: 480, dwidth: 720, dheight: 480
19:46:51 T:2846260080 M:2727694336  NOTICE: Display resolution DESKTOP : 1280x800 @ 59.99 - Full Screen (12)
19:46:52 T:3078121328 M:2712928256  NOTICE: Using GL_TEXTURE_2D
19:46:52 T:3078121328 M:2712928256  NOTICE: GL: Selecting Single Pass YUV 2 RGB shader
19:46:52 T:3078121328 M:2706071552  NOTICE: GL: NPOT texture support detected
19:47:02 T:3078121328 M:2703421440   ERROR: Unable to load: special://home/plugins/video/Django2/resources/settings.xml, Line 0
                                            Failed to open file
19:47:03 T:3023727472 M:2702049280  NOTICE: -->Python Interpreter Initialized<--
19:47:03 T:3023727472 M:2702049280  NOTICE: asdfplugin://video/Django2/--0--
19:47:03 T:3023727472 M:2702049280  NOTICE: zxcv:::/home/sh1n0b1/.xbmc/plugins/Django2/
19:47:03 T:2888223600 M:2701287424   ERROR: GetDirectory - Error getting /home/sh1n0b1/.xbmc/plugins/Django2/
19:47:12 T:3078121328 M:2692567040  NOTICE: CDVDPlayer::CloseFile()
19:47:12 T:3078121328 M:2692567040  NOTICE: DVDPlayer: waiting for threads to exit
19:47:12 T:2871438192 M:2692567040  NOTICE: CDVDPlayer::OnExit()
19:47:12 T:2871438192 M:2692567040  NOTICE: DVDPlayer: closing audio stream
19:47:12 T:2871438192 M:2692567040  NOTICE: Closing audio stream
19:47:12 T:2871438192 M:2692567040  NOTICE: Waiting for audio thread to exit
19:47:12 T:2837867376 M:2692567040   ERROR: AddPackets - failed to add leftover bytes to render
19:47:12 T:2837867376 M:2692567040  NOTICE: thread end: CDVDPlayerAudio::OnExit()
19:47:12 T:2871438192 M:2692567040  NOTICE: Closing audio device
19:47:12 T:2871438192 M:2692415488  NOTICE: Deleting audio codec
19:47:12 T:2871438192 M:2692415488  NOTICE: DVDPlayer: closing video stream
19:47:12 T:2871438192 M:2692415488  NOTICE: Closing video stream
19:47:12 T:2871438192 M:2692415488  NOTICE: waiting for video thread to exit
19:47:12 T:2846260080 M:2692415488  NOTICE: thread end: video_thread
19:47:12 T:2871438192 M:2692415488  NOTICE: deleting video codec
19:47:12 T:2871438192 M:2692415488  NOTICE: CDVDPlayer::OnExit() deleting demuxer
19:47:12 T:2871438192 M:2692415488  NOTICE: CDVDPlayer::OnExit() deleting input stream
19:47:12 T:3078121328 M:2692415488  NOTICE: DVDPlayer: finished waiting
19:47:12 T:3078121328 M:2692415488  NOTICE: CDVDPlayer::CloseFile()
19:47:12 T:3078121328 M:2692415488 WARNING: CDVDMessageQueue(player)::Put MSGQ_NOT_INITIALIZED
19:47:12 T:3078121328 M:2692415488  NOTICE: DVDPlayer: waiting for threads to exit
19:47:12 T:3078121328 M:2692415488  NOTICE: DVDPlayer: finished waiting
19:47:14 T:3078121328 M:2695528448  NOTICE: Storing total System Uptime
19:47:14 T:3078121328 M:2695528448  NOTICE: Saving settings
19:47:14 T:3078121328 M:2695528448  NOTICE: stop all
19:47:14 T:3078121328 M:2695528448  NOTICE: ES: Stopping event server
19:47:14 T:3078121328 M:2695528448  NOTICE: stopping zeroconf publishing
19:47:15 T:2916170608 M:2695589888  NOTICE: DS: DBUS server stopped
19:47:15 T:2932956016 M:2695589888  NOTICE: ES: UDP Event server stopped
19:47:15 T:3078121328 M:2695589888  NOTICE: stop dvd detect media
19:47:15 T:3078121328 M:2695589888  NOTICE: stop sap announcement listener
19:47:15 T:3078121328 M:2695589888  NOTICE: clean cached files!
19:47:15 T:3078121328 M:2695589888  NOTICE: unload skin
19:47:16 T:3078121328 M:2695946240  NOTICE: stop python
19:47:16 T:3078121328 M:2695946240  NOTICE: stopped
19:47:16 T:3078121328 M:2695946240  NOTICE: destroy
19:47:16 T:3078121328 M:2695946240  NOTICE: unload sections


############### END LOG FILE ################

############ END XBMC CRASH LOG #############
