############## XBMC CRASH LOG ###############

################ SYSTEM INFO ################
 Date: Sat Jun 12 19:31:49 IST 2010
 XBMC Options: 
 Arch: i686
 Kernel: Linux 2.6.31-21-generic #59-Ubuntu SMP Wed Mar 24 07:28:56 UTC 2010
 Release: 
    Distributor ID:	Ubuntu
    Description:	Ubuntu 9.10
    Release:	9.10
    Codename:	karmic
############## END SYSTEM INFO ##############

############### STACK TRACE #################
=====>  Core file: /home/sh1n0b1/.xbmc/plugins/video/Django3/xbmc_code/core
        ========================================= 
Core was generated by `/usr/share/xbmc/xbmc.bin -p'.
Program terminated with signal 6, Aborted.
#0  0x001ac422 in __kernel_vsyscall ()

Thread 1 (Thread 22693):
#0  0x001ac422 in __kernel_vsyscall ()
#1  0x092314d1 in raise () from /lib/tls/i686/cmov/libc.so.6
#2  0x09234932 in abort () from /lib/tls/i686/cmov/libc.so.6
#3  0x082c88d1 in CApplication::FatalErrorHandler(bool, bool, bool) ()
#4  0x082dc879 in CApplication::Create(void*) ()
#5  0x084f7f42 in main ()
=====>  Core file: /home/sh1n0b1/.xbmc/plugins/video/Django2/django/core
        ========================================= 
############# END STACK TRACE ###############

################# LOG FILE ##################

19:21:48 T:3079001968 M:2287050752   ERROR: Failed to create common scripts symlink.
19:21:48 T:3079001968 M:2287050752  NOTICE: -----------------------------------------------------------------------
19:21:48 T:3079001968 M:2287050752  NOTICE: Starting XBMC, Platform: GNU/Linux.  Built on Dec 24 2009 (SVN:26018)
19:21:48 T:3079001968 M:2287050752  NOTICE: special://xbmc/ is mapped to: /usr/share/xbmc
19:21:48 T:3079001968 M:2287050752  NOTICE: special://masterprofile/ is mapped to: /home/sh1n0b1/.xbmc/userdata
19:21:48 T:3079001968 M:2287050752  NOTICE: special://home/ is mapped to: /home/sh1n0b1/.xbmc
19:21:48 T:3079001968 M:2287050752  NOTICE: special://temp/ is mapped to: /home/sh1n0b1/.xbmc/temp
19:21:48 T:3079001968 M:2287050752  NOTICE: The executable running is: /usr/lib/xbmc/xbmc.bin
19:21:48 T:3079001968 M:2287050752  NOTICE: Log File is located: /home/sh1n0b1/.xbmc/temp/xbmc.log
19:21:48 T:3079001968 M:2287050752  NOTICE: -----------------------------------------------------------------------
19:21:48 T:3079001968 M:2286669824  NOTICE: Setup SDL
19:21:49 T:3079001968 M:2285019136  NOTICE: load settings...
19:21:49 T:3079001968 M:2285019136  NOTICE: special://profile/ is mapped to: special://masterprofile/
19:21:49 T:3079001968 M:2285019136  NOTICE: loading special://masterprofile/guisettings.xml
19:21:49 T:3079001968 M:2285170688  NOTICE: Getting hardware information now...
19:21:49 T:3079001968 M:2285170688  NOTICE: Checking resolution 11
19:21:49 T:3079001968 M:2285170688  NOTICE: Loading player core factory settings from special://xbmc/system/playercorefactory.xml.
19:21:49 T:3079001968 M:2285170688  NOTICE: Loaded playercorefactory configuration
19:21:49 T:3079001968 M:2285170688  NOTICE: Loading player core factory settings from special://masterprofile/playercorefactory.xml.
19:21:49 T:3079001968 M:2285170688  NOTICE: special://masterprofile/playercorefactory.xml does not exist. Skipping.
19:21:49 T:3079001968 M:2285170688  NOTICE: No advancedsettings.xml to load (special://masterprofile/advancedsettings.xml)
19:21:49 T:3079001968 M:2285170688  NOTICE: Default DVD Player: dvdplayer
19:21:49 T:3079001968 M:2285170688  NOTICE: Default Video Player: dvdplayer
19:21:49 T:3079001968 M:2285170688  NOTICE: Default Audio Player: paplayer
19:21:49 T:3079001968 M:2285170688  NOTICE: special://masterprofile/sources.xml
19:21:51 T:3079001968 M:2255470592  NOTICE: Using fbConfig[0]
19:21:51 T:3079001968 M:2253783040  NOTICE: GL_VENDOR = ATI Technologies Inc.
19:21:51 T:3079001968 M:2253783040  NOTICE: GL_RENDERER = ATI Mobility Radeon HD 3400 Series
19:21:51 T:3079001968 M:2253783040  NOTICE: GL_VERSION = 2.1.9016
19:21:51 T:3079001968 M:2253783040  NOTICE: GL_EXTENSIONS = GL_AMD_draw_buffers_blend GL_AMD_performance_monitor GL_ARB_color_buffer_float GL_ARB_copy_buffer GL_ARB_depth_buffer_float GL_ARB_depth_texture GL_ARB_draw_buffers GL_ARB_draw_buffers_blend GL_ARB_draw_instanced GL_ARB_fragment_program GL_ARB_fragment_program_shadow GL_ARB_fragment_shader GL_ARB_framebuffer_object GL_ARB_framebuffer_sRGB GL_ARB_geometry_shader4 GL_ARB_half_float_pixel GL_ARB_half_float_vertex GL_ARB_instanced_arrays GL_ARB_map_buffer_range GL_ARB_multisample GL_ARB_multitexture GL_ARB_occlusion_query GL_ARB_pixel_buffer_object GL_ARB_point_parameters GL_ARB_point_sprite GL_ARB_provoking_vertex GL_ARB_shader_objects GL_ARB_shader_texture_lod GL_ARB_shading_language_100 GL_ARB_shadow GL_ARB_shadow_ambient GL_ARB_texture_border_clamp GL_ARB_texture_buffer_object GL_ARB_texture_compression GL_ARB_texture_compression_rgtc GL_ARB_texture_cube_map GL_ARB_texture_env_add GL_ARB_texture_env_combine GL_ARB_texture_env_crossbar GL_ARB_texture_env_dot3 GL_ARB_texture_float GL_ARB_texture_mirrored_repeat GL_ARB_texture_non_power_of_two GL_ARB_texture_rectangle GL_ARB_texture_rg GL_ARB_texture_snorm GL_ARB_transpose_matrix GL_ARB_uniform_buffer_object GL_ARB_vertex_array_object GL_ARB_vertex_buffer_object GL_ARB_vertex_program GL_ARB_vertex_shader GL_ARB_window_pos GL_ATI_draw_buffers GL_ATI_envmap_bumpmap GL_ATI_fragment_shader GL_ATI_meminfo GL_ATI_separate_stencil GL_ATI_texture_compression_3dc GL_ATI_texture_env_combine3 GL_ATI_texture_float GL_ATI_texture_mirror_once GL_EXT_abgr GL_EXT_bgra GL_EXT_bindable_uniform GL_EXT_blend_color GL_EXT_blend_equation_separate GL_EXT_blend_func_separate GL_EXT_blend_minmax GL_EXT_blend_subtract GL_EXT_compiled_vertex_array GL_EXT_copy_buffer GL_EXT_copy_texture GL_EXT_draw_buffers2 GL_EXT_draw_instanced GL_EXT_draw_range_elements GL_EXT_fog_coord GL_EXT_framebuffer_blit GL_EXT_framebuffer_multisample GL_EXT_framebuffer_object GL_EXT_framebuffer_sRGB GL_EXT_geometry_shader4 GL_EXT_gpu_program_parameters GL_EXT_gpu_shader4 GL_EXT_multi_draw_arrays GL_EXT_packed_depth_stencil GL_EXT_packed_float GL_EXT_packed_pixels GL_EXT_pixel_buffer_object GL_EXT_point_parameters GL_EXT_provoking_vertex GL_EXT_rescale_normal GL_EXT_secondary_color GL_EXT_separate_specular_color GL_EXT_shadow_funcs GL_EXT_stencil_wrap GL_EXT_subtexture GL_EXT_texgen_reflection GL_EXT_texture3D GL_EXT_texture_array GL_EXT_texture_buffer_object GL_EXT_texture_compression_latc GL_EXT_texture_compression_rgtc GL_EXT_texture_compression_s3tc GL_EXT_texture_cube_map GL_EXT_texture_edge_clamp GL_EXT_texture_env_add GL_EXT_texture_env_combine GL_EXT_texture_env_dot3 GL_EXT_texture_filter_anisotropic GL_EXT_texture_integer GL_EXT_texture_lod GL_EXT_texture_lod_bias GL_EXT_texture_mirror_clamp GL_EXT_texture_object GL_EXT_texture_rectangle GL_EXT_texture_sRGB GL_EXT_texture_shared_exponent GL_EXT_texture_snorm GL_EXT_texture_swizzle GL_EXT_transform_feedback GL_EXT_vertex_array GL_EXT_vertex_array_bgra GL_IBM_texture_mirrored_repeat GL_KTX_buffer_region GL_NV_blend_square GL_NV_conditional_render GL_NV_copy_depth_to_color GL_NV_explicit_multisample GL_NV_primitive_restart GL_NV_texgen_reflection GL_SGIS_generate_mipmap GL_SGIS_texture_edge_clamp GL_SGIS_texture_lod GL_SUN_multi_draw_arrays GL_WIN_swap_hint WGL_EXT_swap_control
19:21:51 T:3079001968 M:2253021184  NOTICE: DeviceKit.Disks: Added /host
19:21:51 T:3079001968 M:2253021184  NOTICE: DeviceKit.Disks: Added /media/OS
19:21:51 T:3079001968 M:2253021184  NOTICE: start dvd mediatype detection
19:21:51 T:3079001968 M:2253021184  NOTICE: initializing playlistplayer
19:21:51 T:3079001968 M:2253021184  NOTICE: DONE initializing playlistplayer
19:21:51 T:3079001968 M:2253021184  NOTICE: load default skin:[Confluence]
19:21:51 T:3079001968 M:2249363456  NOTICE: initialize done
19:21:51 T:3079001968 M:2249363456  NOTICE: Running the application...
19:21:51 T:3079001968 M:2249363456  NOTICE: ES: Starting event server
19:21:51 T:3042511728 M:2249363456  NOTICE: ES: Starting UDP Event server on 127.0.0.1:9777
19:21:51 T:3079001968 M:2249363456  NOTICE: DS: Starting dbus server
19:21:51 T:3042511728 M:2249363456  NOTICE: UDP: Listening on port 9777
19:21:51 T:3034119024 M:2249236480  NOTICE: DS: Starting DBUS server in Run Application aka thread
19:21:51 T:3079001968 M:2249236480  NOTICE: starting zeroconf publishing
19:21:57 T:3079001968 M:2236936192   ERROR: Unable to load: special://home/plugins/video/Django3/resources/settings.xml, Line 0
                                            Failed to open file
19:21:58 T:2898041712 M:2234851328  NOTICE: -->Python Interpreter Initialized<--
08:51:59 T:2898041712 M:2231001088  NOTICE: ['__doc__', '__file__', '__name__', 'accept2dyear', 'altzone', 'asctime', 'clock', 'ctime', 'daylight', 'gmtime', 'localtime', 'mktime', 'sleep', 'strftime', 'strptime', 'struct_time', 'time', 'timezone', 'tzname', 'tzset']
08:51:59 T:2898041712 M:2231001088  NOTICE: Inside mode None or 0.
08:52:00 T:3079001968 M:2231312384   ERROR: Unable to load: special://home/plugins/video/Django3/resources/settings.xml, Line 0
                                            Failed to open file
08:52:00 T:2898041712 M:2231312384  NOTICE: -->Python Interpreter Initialized<--
08:52:01 T:2898041712 M:2229497856  NOTICE: ['__doc__', '__file__', '__name__', 'accept2dyear', 'altzone', 'asctime', 'clock', 'ctime', 'daylight', 'gmtime', 'localtime', 'mktime', 'sleep', 'strftime', 'strptime', 'struct_time', 'time', 'timezone', 'tzname', 'tzset']
08:52:01 T:2898041712 M:2229497856  NOTICE: Inside mode 1.
08:52:01 T:2898041712 M:2229116928   ERROR: dll_fstat64 emulated function failed
08:52:01 T:2898041712 M:2225815552   ERROR: dll_fstat64 emulated function failed
08:52:01 T:2898041712 M:2225815552   ERROR: dll_fstat64 emulated function failed
08:52:01 T:2898041712 M:2225815552   ERROR: dll_fstat64 emulated function failed
08:52:27 T:3079001968 M:2113503232   ERROR: GetDirectory - Error getting plugin://video/Django3/?url=watup&mode=1&name=0
08:52:27 T:3079001968 M:2113503232   ERROR: CGUIMediaWindow::GetDirectory(plugin://video/Django3/?url=watup&mode=1&name=0) failed
08:52:32 T:3079001968 M:2114211840   ERROR: Unable to load: special://home/plugins/video/Django3/resources/settings.xml, Line 0
                                            Failed to open file
08:52:32 T:2925443952 M:2114211840  NOTICE: -->Python Interpreter Initialized<--
08:52:32 T:2925443952 M:2111664128  NOTICE: ['__doc__', '__file__', '__name__', 'accept2dyear', 'altzone', 'asctime', 'clock', 'ctime', 'daylight', 'gmtime', 'localtime', 'mktime', 'sleep', 'strftime', 'strptime', 'struct_time', 'time', 'timezone', 'tzname', 'tzset']
08:52:32 T:2925443952 M:2111664128  NOTICE: Inside mode 1.
08:52:32 T:2925443952 M:2111283200   ERROR: dll_fstat64 emulated function failed
08:52:32 T:2925443952 M:2106331136   ERROR: dll_fstat64 emulated function failed
08:52:32 T:2925443952 M:2106331136   ERROR: dll_fstat64 emulated function failed
08:52:32 T:2925443952 M:2106331136   ERROR: dll_fstat64 emulated function failed
08:52:44 T:2925443952 M:2111119360  NOTICE: Cancel
08:52:46 T:2898041712 M:2226184192   ERROR: Scriptresult: Error
08:52:54 T:3079001968 M:2226610176   ERROR: Unable to load: special://home/plugins/video/Django3/resources/settings.xml, Line 0
                                            Failed to open file
08:52:54 T:2898041712 M:2226524160  NOTICE: -->Python Interpreter Initialized<--
08:52:55 T:2898041712 M:2223493120  NOTICE: ['__doc__', '__file__', '__name__', 'accept2dyear', 'altzone', 'asctime', 'clock', 'ctime', 'daylight', 'gmtime', 'localtime', 'mktime', 'sleep', 'strftime', 'strptime', 'struct_time', 'time', 'timezone', 'tzname', 'tzset']
08:52:55 T:2898041712 M:2223493120  NOTICE: Inside mode 1.
08:52:55 T:2898041712 M:2223112192   ERROR: dll_fstat64 emulated function failed
08:52:55 T:2898041712 M:2219937792   ERROR: dll_fstat64 emulated function failed
08:52:55 T:2898041712 M:2219937792   ERROR: dll_fstat64 emulated function failed
08:52:55 T:2898041712 M:2219937792   ERROR: dll_fstat64 emulated function failed
08:53:17 T:3079001968 M:2107572224   ERROR: GetDirectory - Error getting plugin://video/Django3/?url=watup&mode=1&name=0
08:53:17 T:3079001968 M:2107572224   ERROR: CGUIMediaWindow::GetDirectory(plugin://video/Django3/?url=watup&mode=1&name=0) failed
08:53:21 T:2898041712 M:2223812608   ERROR: Scriptresult: Error
08:53:22 T:3079001968 M:2224328704   ERROR: Unable to load: special://home/plugins/video/Django3/resources/settings.xml, Line 0
                                            Failed to open file
08:53:22 T:2898041712 M:2223869952  NOTICE: -->Python Interpreter Initialized<--
08:53:23 T:2898041712 M:2223312896  NOTICE: ['__doc__', '__file__', '__name__', 'accept2dyear', 'altzone', 'asctime', 'clock', 'ctime', 'daylight', 'gmtime', 'localtime', 'mktime', 'sleep', 'strftime', 'strptime', 'struct_time', 'time', 'timezone', 'tzname', 'tzset']
08:53:23 T:2898041712 M:2223312896  NOTICE: Inside mode 1.
08:53:23 T:2898041712 M:2222931968   ERROR: dll_fstat64 emulated function failed
08:53:23 T:2898041712 M:2219630592   ERROR: dll_fstat64 emulated function failed
08:53:23 T:2898041712 M:2219630592   ERROR: dll_fstat64 emulated function failed
08:53:23 T:2898041712 M:2219630592   ERROR: dll_fstat64 emulated function failed
08:53:58 T:2898041712 M:2222972928  NOTICE: Search
08:53:58 T:3079001968 M:2222972928   ERROR: GetDirectory - Error getting plugin://video/Django3/?url=watup&mode=1&name=0
08:53:58 T:3079001968 M:2222972928   ERROR: CGUIMediaWindow::GetDirectory(plugin://video/Django3/?url=watup&mode=1&name=0) failed
08:54:01 T:3079001968 M:2224046080   ERROR: Unable to load: special://home/plugins/video/Django3/resources/settings.xml, Line 0
                                            Failed to open file
08:54:02 T:2898041712 M:2223919104  NOTICE: -->Python Interpreter Initialized<--
08:54:02 T:2898041712 M:2221031424  NOTICE: ['__doc__', '__file__', '__name__', 'accept2dyear', 'altzone', 'asctime', 'clock', 'ctime', 'daylight', 'gmtime', 'localtime', 'mktime', 'sleep', 'strftime', 'strptime', 'struct_time', 'time', 'timezone', 'tzname', 'tzset']
08:54:02 T:2898041712 M:2221031424  NOTICE: Inside mode 1.
08:54:03 T:2898041712 M:2220650496   ERROR: dll_fstat64 emulated function failed
08:54:03 T:2898041712 M:2221285376   ERROR: dll_fstat64 emulated function failed
08:54:03 T:2898041712 M:2221285376   ERROR: dll_fstat64 emulated function failed
08:54:03 T:2898041712 M:2221285376   ERROR: dll_fstat64 emulated function failed
08:54:57 T:2898041712 M:2220830720  NOTICE: Search
08:54:57 T:3079001968 M:2220830720   ERROR: GetDirectory - Error getting plugin://video/Django3/?url=watup&mode=1&name=0
08:54:57 T:3079001968 M:2220941312   ERROR: CGUIMediaWindow::GetDirectory(plugin://video/Django3/?url=watup&mode=1&name=0) failed
08:55:15 T:3079001968 M:2221502464   ERROR: Unable to load: special://home/plugins/video/Django3/resources/settings.xml, Line 0
                                            Failed to open file
08:55:15 T:2898041712 M:2221514752  NOTICE: -->Python Interpreter Initialized<--
08:55:16 T:2898041712 M:2220552192  NOTICE: ['__doc__', '__file__', '__name__', 'accept2dyear', 'altzone', 'asctime', 'clock', 'ctime', 'daylight', 'gmtime', 'localtime', 'mktime', 'sleep', 'strftime', 'strptime', 'struct_time', 'time', 'timezone', 'tzname', 'tzset']
08:55:16 T:2898041712 M:2220552192  NOTICE: Inside mode 1.
08:55:16 T:2898041712 M:2220171264   ERROR: dll_fstat64 emulated function failed
08:55:16 T:2898041712 M:2220806144   ERROR: dll_fstat64 emulated function failed
08:55:16 T:2898041712 M:2220806144   ERROR: dll_fstat64 emulated function failed
08:55:16 T:2898041712 M:2220806144   ERROR: dll_fstat64 emulated function failed
08:55:23 T:3079001968 M:2220146688  NOTICE: Storing total System Uptime
08:55:23 T:3079001968 M:2220146688  NOTICE: Saving settings
08:55:23 T:3079001968 M:2220146688  NOTICE: stop all
08:55:23 T:3079001968 M:2220146688  NOTICE: ES: Stopping event server
08:55:23 T:3079001968 M:2220146688  NOTICE: stopping zeroconf publishing
08:55:24 T:3042511728 M:2220474368  NOTICE: ES: UDP Event server stopped
08:55:24 T:3034119024 M:2220474368  NOTICE: DS: DBUS server stopped
08:55:24 T:3079001968 M:2220474368  NOTICE: stop dvd detect media
08:55:24 T:3079001968 M:2220474368  NOTICE: stop sap announcement listener
08:55:24 T:3079001968 M:2220474368  NOTICE: clean cached files!
08:55:24 T:3079001968 M:2220474368  NOTICE: unload skin
08:55:25 T:3079001968 M:2221035520  NOTICE: stop python
08:55:25 T:3079001968 M:2221416448  NOTICE: stopped
08:55:25 T:3079001968 M:2221416448  NOTICE: destroy
08:55:25 T:3079001968 M:2221543424  NOTICE: unload sections


############### END LOG FILE ################

############ END XBMC CRASH LOG #############
